This is pdfTeX, Version 3.14159265-2.6-1.40.21 (MiKTeX 2.9.7300 64-bit) (preloaded format=pdflatex 2020.2.13)  16 MAY 2021 09:54
entering extended mode
**./diff3.tex
(diff3.tex
LaTeX2e <2020-02-02> patch level 1
L3 programming layer <2020-02-08>
("C:\Users\KitG\AppData\Local\Programs\MiKTeX 2.9\tex/latex/base\article.cls"
Document Class: article 2019/12/20 v1.4l Standard LaTeX document class
("C:\Users\KitG\AppData\Local\Programs\MiKTeX 2.9\tex/latex/base\size11.clo"
File: size11.clo 2019/12/20 v1.4l Standard LaTeX file (size option)
)
\c@part=\count167
\c@section=\count168
\c@subsection=\count169
\c@subsubsection=\count170
\c@paragraph=\count171
\c@subparagraph=\count172
\c@figure=\count173
\c@table=\count174
\abovecaptionskip=\skip47
\belowcaptionskip=\skip48
\bibindent=\dimen134
)
("C:\Users\KitG\AppData\Local\Programs\MiKTeX 2.9\tex/latex/xcolor\xcolor.sty"
Package: xcolor 2016/05/11 v2.12 LaTeX color extensions (UK)

("C:\Users\KitG\AppData\Local\Programs\MiKTeX 2.9\tex/latex/graphics-cfg\color.
cfg"
File: color.cfg 2016/01/02 v1.6 sample color configuration
)
Package xcolor Info: Driver file: pdftex.def on input line 225.

("C:\Users\KitG\AppData\Local\Programs\MiKTeX 2.9\tex/latex/graphics-def\pdftex
.def"
File: pdftex.def 2018/01/08 v1.0l Graphics/color driver for pdftex
)
Package xcolor Info: Model `cmy' substituted by `cmy0' on input line 1348.
Package xcolor Info: Model `hsb' substituted by `rgb' on input line 1352.
Package xcolor Info: Model `RGB' extended on input line 1364.
Package xcolor Info: Model `HTML' substituted by `rgb' on input line 1366.
Package xcolor Info: Model `Hsb' substituted by `hsb' on input line 1367.
Package xcolor Info: Model `tHsb' substituted by `hsb' on input line 1368.
Package xcolor Info: Model `HSB' substituted by `hsb' on input line 1369.
Package xcolor Info: Model `Gray' substituted by `gray' on input line 1370.
Package xcolor Info: Model `wave' substituted by `hsb' on input line 1371.

("C:\Users\KitG\AppData\Local\Programs\MiKTeX 2.9\tex/latex/graphics\dvipsnam.d
ef"
File: dvipsnam.def 2016/06/17 v3.0m Driver-dependent file (DPC,SPQR)
)
("C:\Users\KitG\AppData\Local\Programs\MiKTeX 2.9\tex/latex/xcolor\svgnam.def"
File: svgnam.def 2016/05/11 v2.12 Predefined colors according to SVG 1.1 (UK)
)) (structure.tex
("C:\Users\KitG\AppData\Local\Programs\MiKTeX 2.9\tex/generic/babel\babel.sty"
Package: babel 2020/02/03 3.39 The Babel package

("C:\Users\KitG\AppData\Local\Programs\MiKTeX 2.9\tex/generic/babel\switch.def"
File: switch.def 2020/02/03 3.39 Babel switching mechanism
)
*************************************
* Local config file bblopts.cfg used
*
("C:\Users\KitG\AppData\Local\Programs\MiKTeX 2.9\tex/latex/arabi\bblopts.cfg"
File: bblopts.cfg 2005/09/08 v0.1 add Arabic and Farsi to "declared" options of
 babel
)
("C:\Users\KitG\AppData\Local\Programs\MiKTeX 2.9\tex/latex/babel-english\engli
sh.ldf"
Language: english 2017/06/06 v3.3r English support from the babel system

("C:\Users\KitG\AppData\Local\Programs\MiKTeX 2.9\tex/generic/babel\babel.def"
File: babel.def 2020/02/03 3.39 Babel common definitions
\babel@savecnt=\count175
\U@D=\dimen135

("C:\Users\KitG\AppData\Local\Programs\MiKTeX 2.9\tex/generic/babel\txtbabel.de
f")
\bbl@readstream=\read2
\bbl@dirlevel=\count176
)
Package babel Info: \l@canadian = using hyphenrules for english
(babel)             (\language0) on input line 102.
Package babel Info: \l@australian = using hyphenrules for ukenglish
(babel)             (\language72) on input line 105.
Package babel Info: \l@newzealand = using hyphenrules for ukenglish
(babel)             (\language72) on input line 108.
))
("C:\Users\KitG\AppData\Local\Programs\MiKTeX 2.9\tex/latex/microtype\microtype
.sty"
Package: microtype 2019/11/18 v2.7d Micro-typographical refinements (RS)

("C:\Users\KitG\AppData\Local\Programs\MiKTeX 2.9\tex/latex/graphics\keyval.sty
"
Package: keyval 2014/10/28 v1.15 key=value parser (DPC)
\KV@toks@=\toks14
)
\MT@toks=\toks15
\MT@count=\count177
LaTeX Info: Redefining \textls on input line 790.
\MT@outer@kern=\dimen136
LaTeX Info: Redefining \textmicrotypecontext on input line 1354.
\MT@listname@count=\count178

("C:\Users\KitG\AppData\Local\Programs\MiKTeX 2.9\tex/latex/microtype\microtype
-pdftex.def"
File: microtype-pdftex.def 2019/11/18 v2.7d Definitions specific to pdftex (RS)

LaTeX Info: Redefining \lsstyle on input line 914.
LaTeX Info: Redefining \lslig on input line 914.
\MT@outer@space=\skip49
)
Package microtype Info: Loading configuration file microtype.cfg.

("C:\Users\KitG\AppData\Local\Programs\MiKTeX 2.9\tex/latex/microtype\microtype
.cfg"
File: microtype.cfg 2019/11/18 v2.7d microtype main configuration file (RS)
))
("C:\Users\KitG\AppData\Local\Programs\MiKTeX 2.9\tex/latex/tools\verbatim.sty"
Package: verbatim 2019/11/10 v1.5r LaTeX2e package for verbatim enhancements
\every@verbatim=\toks16
\verbatim@line=\toks17
\verbatim@in@stream=\read3
)
("C:\Users\KitG\AppData\Local\Programs\MiKTeX 2.9\tex/latex/amsmath\amsmath.sty
"
Package: amsmath 2020/01/20 v2.17e AMS math features
\@mathmargin=\skip50

For additional information on amsmath, use the `?' option.
("C:\Users\KitG\AppData\Local\Programs\MiKTeX 2.9\tex/latex/amsmath\amstext.sty
"
Package: amstext 2000/06/29 v2.01 AMS text
 ("C:\Users\KitG\AppData\Local\Programs\MiKTeX 2.9\tex/latex/amsmath\amsgen.sty
"
File: amsgen.sty 1999/11/30 v2.0 generic functions
\@emptytoks=\toks18
\ex@=\dimen137
))
("C:\Users\KitG\AppData\Local\Programs\MiKTeX 2.9\tex/latex/amsmath\amsbsy.sty"
Package: amsbsy 1999/11/29 v1.2d Bold Symbols
\pmbraise@=\dimen138
) ("C:\Users\KitG\AppData\Local\Programs\MiKTeX 2.9\tex/latex/amsmath\amsopn.st
y"
Package: amsopn 2016/03/08 v2.02 operator names
)
\inf@bad=\count179
LaTeX Info: Redefining \frac on input line 227.
\uproot@=\count180
\leftroot@=\count181
LaTeX Info: Redefining \overline on input line 389.
\classnum@=\count182
\DOTSCASE@=\count183
LaTeX Info: Redefining \ldots on input line 486.
LaTeX Info: Redefining \dots on input line 489.
LaTeX Info: Redefining \cdots on input line 610.
\Mathstrutbox@=\box45
\strutbox@=\box46
\big@size=\dimen139
LaTeX Font Info:    Redeclaring font encoding OML on input line 733.
LaTeX Font Info:    Redeclaring font encoding OMS on input line 734.
\macc@depth=\count184
\c@MaxMatrixCols=\count185
\dotsspace@=\muskip16
\c@parentequation=\count186
\dspbrk@lvl=\count187
\tag@help=\toks19
\row@=\count188
\column@=\count189
\maxfields@=\count190
\andhelp@=\toks20
\eqnshift@=\dimen140
\alignsep@=\dimen141
\tagshift@=\dimen142
\tagwidth@=\dimen143
\totwidth@=\dimen144
\lineht@=\dimen145
\@envbody=\toks21
\multlinegap=\skip51
\multlinetaggap=\skip52
\mathdisplay@stack=\toks22
LaTeX Info: Redefining \[ on input line 2859.
LaTeX Info: Redefining \] on input line 2860.
)
("C:\Users\KitG\AppData\Local\Programs\MiKTeX 2.9\tex/latex/amsfonts\amsfonts.s
ty"
Package: amsfonts 2013/01/14 v3.01 Basic AMSFonts support
\symAMSa=\mathgroup4
\symAMSb=\mathgroup5
LaTeX Font Info:    Redeclaring math symbol \hbar on input line 98.
LaTeX Font Info:    Overwriting math alphabet `\mathfrak' in version `bold'
(Font)                  U/euf/m/n --> U/euf/b/n on input line 106.
)
("C:\Users\KitG\AppData\Local\Programs\MiKTeX 2.9\tex/latex/amscls\amsthm.sty"
Package: amsthm 2017/10/31 v2.20.4
\thm@style=\toks23
\thm@bodyfont=\toks24
\thm@headfont=\toks25
\thm@notefont=\toks26
\thm@headpunct=\toks27
\thm@preskip=\skip53
\thm@postskip=\skip54
\thm@headsep=\skip55
\dth@everypar=\toks28
) ("C:\Users\KitG\AppData\Local\Programs\MiKTeX 2.9\tex/latex/caption\caption.s
ty"
Package: caption 2020/01/03 v3.4h Customizing captions (AR)

("C:\Users\KitG\AppData\Local\Programs\MiKTeX 2.9\tex/latex/caption\caption3.st
y"
Package: caption3 2020/01/03 v1.8h caption3 kernel (AR)
Package caption3 Info: TeX engine: e-TeX on input line 61.
\captionmargin=\dimen146
\captionmargin@=\dimen147
\captionwidth=\dimen148
\caption@tempdima=\dimen149
\caption@indent=\dimen150
\caption@parindent=\dimen151
\caption@hangindent=\dimen152
Package caption Info: Standard document class detected.
)
\c@caption@flags=\count191
\c@continuedfloat=\count192
)
("C:\Users\KitG\AppData\Local\Programs\MiKTeX 2.9\tex/latex/caption\subcaption.
sty"
Package: subcaption 2020/01/22 v1.3d Sub-captions (AR)
\c@subfigure=\count193
\c@subtable=\count194
)
("C:\Users\KitG\AppData\Local\Programs\MiKTeX 2.9\tex/latex/booktabs\booktabs.s
ty"
Package: booktabs 2020/01/12 v1.61803398 Publication quality tables
\heavyrulewidth=\dimen153
\lightrulewidth=\dimen154
\cmidrulewidth=\dimen155
\belowrulesep=\dimen156
\belowbottomsep=\dimen157
\aboverulesep=\dimen158
\abovetopsep=\dimen159
\cmidrulesep=\dimen160
\cmidrulekern=\dimen161
\defaultaddspace=\dimen162
\@cmidla=\count195
\@cmidlb=\count196
\@aboverulesep=\dimen163
\@belowrulesep=\dimen164
\@thisruleclass=\count197
\@lastruleclass=\count198
\@thisrulewidth=\dimen165
)
("C:\Users\KitG\AppData\Local\Programs\MiKTeX 2.9\tex/latex/lastpage\lastpage.s
ty"
Package: lastpage 2015/03/29 v1.2m Refers to last page's name (HMM; JPG)
)
("C:\Users\KitG\AppData\Local\Programs\MiKTeX 2.9\tex/latex/graphics\graphicx.s
ty"
Package: graphicx 2019/11/30 v1.2a Enhanced LaTeX Graphics (DPC,SPQR)

("C:\Users\KitG\AppData\Local\Programs\MiKTeX 2.9\tex/latex/graphics\graphics.s
ty"
Package: graphics 2019/11/30 v1.4a Standard LaTeX Graphics (DPC,SPQR)

("C:\Users\KitG\AppData\Local\Programs\MiKTeX 2.9\tex/latex/graphics\trig.sty"
Package: trig 2016/01/03 v1.10 sin cos tan (DPC)
)
("C:\Users\KitG\AppData\Local\Programs\MiKTeX 2.9\tex/latex/graphics-cfg\graphi
cs.cfg"
File: graphics.cfg 2016/06/04 v1.11 sample graphics configuration
)
Package graphics Info: Driver file: pdftex.def on input line 105.
)
\Gin@req@height=\dimen166
\Gin@req@width=\dimen167
)
("C:\Users\KitG\AppData\Local\Programs\MiKTeX 2.9\tex/latex/enumitem\enumitem.s
ty"
Package: enumitem 2019/06/20 v3.9 Customized lists
\labelindent=\skip56
\enit@outerparindent=\dimen168
\enit@toks=\toks29
\enit@inbox=\box47
\enit@count@id=\count199
\enitdp@description=\count266
)
("C:\Users\KitG\AppData\Local\Programs\MiKTeX 2.9\tex/latex/sectsty\sectsty.sty
"
Package: sectsty 2002/02/25 v2.0.2 Commands to change all sectional heading sty
les


LaTeX Warning: Command \underbar  has changed.
               Check if current package is valid.


LaTeX Warning: Command \underline  has changed.
               Check if current package is valid.

)
("C:\Users\KitG\AppData\Local\Programs\MiKTeX 2.9\tex/latex/siunitx\siunitx.sty
" ("C:\Users\KitG\AppData\Local\Programs\MiKTeX 2.9\tex/latex/l3kernel\expl3.st
y"
Package: expl3 2020-02-08 L3 programming layer (loader) 

("C:\Users\KitG\AppData\Local\Programs\MiKTeX 2.9\tex/latex/l3backend\l3backend
-pdfmode.def"
File: l3backend-pdfmode.def 2020-02-03 L3 backend support: PDF mode
\l__kernel_color_stack_int=\count267
\l__pdf_internal_box=\box48
))
("C:\Users\KitG\AppData\Local\Programs\MiKTeX 2.9\tex/latex/l3packages/xparse\x
parse.sty"
Package: xparse 2020-02-08 L3 Experimental document command parser
\l__xparse_current_arg_int=\count268
\g__xparse_grabber_int=\count269
\l__xparse_m_args_int=\count270
\l__xparse_v_nesting_int=\count271
)
Package: siunitx 2020/02/25 v2.8b A comprehensive (SI) units package

("C:\Users\KitG\AppData\Local\Programs\MiKTeX 2.9\tex/latex/tools\array.sty"
Package: array 2019/08/31 v2.4l Tabular extension package (FMi)
\col@sep=\dimen169
\ar@mcellbox=\box49
\extrarowheight=\dimen170
\NC@list=\toks30
\extratabsurround=\skip57
\backup@length=\skip58
\ar@cellbox=\box50
)
("C:\Users\KitG\AppData\Local\Programs\MiKTeX 2.9\tex/latex/l3packages/l3keys2e
\l3keys2e.sty"
Package: l3keys2e 2020-02-08 LaTeX2e option processing using LaTeX3 keys
)
\l__siunitx_tmp_box=\box51
\l__siunitx_tmp_dim=\dimen171
\l__siunitx_tmp_int=\count272
\l__siunitx_number_mantissa_length_int=\count273
\l__siunitx_number_uncert_length_int=\count274
\l__siunitx_round_int=\count275
\l__siunitx_process_decimal_int=\count276
\l__siunitx_process_uncertainty_int=\count277
\l__siunitx_process_fixed_int=\count278
\l__siunitx_process_integer_min_int=\count279
\l__siunitx_process_precision_int=\count280
\l__siunitx_group_min_int=\count281
\l__siunitx_angle_marker_box=\box52
\l__siunitx_angle_unit_box=\box53
\l__siunitx_angle_marker_dim=\dimen172
\l__siunitx_angle_unit_dim=\dimen173
\l__siunitx_unit_int=\count282
\l__siunitx_unit_denominator_int=\count283
\l__siunitx_unit_numerator_int=\count284
\l__siunitx_unit_prefix_int=\count285
\l__siunitx_unit_prefix_base_int=\count286
\l__siunitx_unit_prefix_gram_int=\count287
\l__siunitx_number_product_int=\count288
\c__siunitx_one_fill_skip=\skip59
\l__siunitx_table_unit_align_skip=\skip60
\l__siunitx_table_exponent_dim=\dimen174
\l__siunitx_table_integer_dim=\dimen175
\l__siunitx_table_mantissa_dim=\dimen176
\l__siunitx_table_marker_dim=\dimen177
\l__siunitx_table_result_dim=\dimen178
\l__siunitx_table_uncert_dim=\dimen179
\l__siunitx_table_fill_pre_dim=\dimen180
\l__siunitx_table_fill_post_dim=\dimen181
\l__siunitx_table_fill_mid_dim=\dimen182
\l__siunitx_table_pre_box=\box54
\l__siunitx_table_post_box=\box55
\l__siunitx_table_mantissa_box=\box56
\l__siunitx_table_result_box=\box57
\l__siunitx_table_number_align_skip=\skip61
\l__siunitx_table_text_align_skip=\skip62

("C:\Users\KitG\AppData\Local\Programs\MiKTeX 2.9\tex/latex/translator\translat
or.sty"
Package: translator 2019-05-31 v1.12a Easy translation of strings in LaTeX
))
("C:\Users\KitG\AppData\Local\Programs\MiKTeX 2.9\tex/latex/geometry\geometry.s
ty"
Package: geometry 2020/01/02 v5.9 Page Geometry

("C:\Users\KitG\AppData\Local\Programs\MiKTeX 2.9\tex/generic/iftex\ifvtex.sty"
Package: ifvtex 2019/10/25 v1.7 ifvtex legacy package. Use iftex instead.
("C:\Users\KitG\AppData\Local\Programs\MiKTeX 2.9\tex/generic/iftex\iftex.sty"
Package: iftex 2019/11/07 v1.0c TeX engine tests
))
\Gm@cnth=\count289
\Gm@cntv=\count290
\c@Gm@tempcnt=\count291
\Gm@bindingoffset=\dimen183
\Gm@wd@mp=\dimen184
\Gm@odd@mp=\dimen185
\Gm@even@mp=\dimen186
\Gm@layoutwidth=\dimen187
\Gm@layoutheight=\dimen188
\Gm@layouthoffset=\dimen189
\Gm@layoutvoffset=\dimen190
\Gm@dimlist=\toks31

("C:\Users\KitG\AppData\Local\Programs\MiKTeX 2.9\tex/latex/geometry\geometry.c
fg"))
("C:\Users\KitG\AppData\Local\Programs\MiKTeX 2.9\tex/latex/base\fontenc.sty"
Package: fontenc 2020/01/25 v2.0m Standard LaTeX package
)
("C:\Users\KitG\AppData\Local\Programs\MiKTeX 2.9\tex/latex/base\inputenc.sty"
Package: inputenc 2018/08/11 v1.3c Input encoding file
\inpenc@prehook=\toks32
\inpenc@posthook=\toks33
)
("C:\Users\KitG\AppData\Local\Programs\MiKTeX 2.9\tex/latex/xcharter\XCharter.s
ty"
Package: XCharter 2019/11/21 v1.203

`XCharter' v1.203, 2019/11/21 Text macros for XCharter, an extension of Charter
 (msharpe)
("C:\Users\KitG\AppData\Local\Programs\MiKTeX 2.9\tex/latex/base\fontenc.sty"
Package: fontenc 2020/01/25 v2.0m Standard LaTeX package

("C:\Users\KitG\AppData\Local\Programs\MiKTeX 2.9\tex/latex/cyrillic\t2aenc.def
"
File: t2aenc.def 2005/09/27 v1.0i Cyrillic encoding definition file
Now handling font encoding T2A ...
... processing UTF-8 mapping file for font encoding T2A
 ("C:\Users\KitG\AppData\Local\Programs\MiKTeX 2.9\tex/latex/base\t2aenc.dfu"
File: t2aenc.dfu 2019/11/14 v1.2k UTF-8 support for inputenc
   defining Unicode char U+00A4 (decimal 164)
   defining Unicode char U+00A7 (decimal 167)
   defining Unicode char U+00AB (decimal 171)
   defining Unicode char U+00BB (decimal 187)
   defining Unicode char U+0131 (decimal 305)
   defining Unicode char U+0237 (decimal 567)
   defining Unicode char U+0400 (decimal 1024)
   defining Unicode char U+0401 (decimal 1025)
   defining Unicode char U+0402 (decimal 1026)
   defining Unicode char U+0403 (decimal 1027)
   defining Unicode char U+0404 (decimal 1028)
   defining Unicode char U+0405 (decimal 1029)
   defining Unicode char U+0406 (decimal 1030)
   defining Unicode char U+0407 (decimal 1031)
   defining Unicode char U+0408 (decimal 1032)
   defining Unicode char U+0409 (decimal 1033)
   defining Unicode char U+040A (decimal 1034)
   defining Unicode char U+040B (decimal 1035)
   defining Unicode char U+040C (decimal 1036)
   defining Unicode char U+040D (decimal 1037)
   defining Unicode char U+040E (decimal 1038)
   defining Unicode char U+040F (decimal 1039)
   defining Unicode char U+0410 (decimal 1040)
   defining Unicode char U+0411 (decimal 1041)
   defining Unicode char U+0412 (decimal 1042)
   defining Unicode char U+0413 (decimal 1043)
   defining Unicode char U+0414 (decimal 1044)
   defining Unicode char U+0415 (decimal 1045)
   defining Unicode char U+0416 (decimal 1046)
   defining Unicode char U+0417 (decimal 1047)
   defining Unicode char U+0418 (decimal 1048)
   defining Unicode char U+0419 (decimal 1049)
   defining Unicode char U+041A (decimal 1050)
   defining Unicode char U+041B (decimal 1051)
   defining Unicode char U+041C (decimal 1052)
   defining Unicode char U+041D (decimal 1053)
   defining Unicode char U+041E (decimal 1054)
   defining Unicode char U+041F (decimal 1055)
   defining Unicode char U+0420 (decimal 1056)
   defining Unicode char U+0421 (decimal 1057)
   defining Unicode char U+0422 (decimal 1058)
   defining Unicode char U+0423 (decimal 1059)
   defining Unicode char U+0424 (decimal 1060)
   defining Unicode char U+0425 (decimal 1061)
   defining Unicode char U+0426 (decimal 1062)
   defining Unicode char U+0427 (decimal 1063)
   defining Unicode char U+0428 (decimal 1064)
   defining Unicode char U+0429 (decimal 1065)
   defining Unicode char U+042A (decimal 1066)
   defining Unicode char U+042B (decimal 1067)
   defining Unicode char U+042C (decimal 1068)
   defining Unicode char U+042D (decimal 1069)
   defining Unicode char U+042E (decimal 1070)
   defining Unicode char U+042F (decimal 1071)
   defining Unicode char U+0430 (decimal 1072)
   defining Unicode char U+0431 (decimal 1073)
   defining Unicode char U+0432 (decimal 1074)
   defining Unicode char U+0433 (decimal 1075)
   defining Unicode char U+0434 (decimal 1076)
   defining Unicode char U+0435 (decimal 1077)
   defining Unicode char U+0436 (decimal 1078)
   defining Unicode char U+0437 (decimal 1079)
   defining Unicode char U+0438 (decimal 1080)
   defining Unicode char U+0439 (decimal 1081)
   defining Unicode char U+043A (decimal 1082)
   defining Unicode char U+043B (decimal 1083)
   defining Unicode char U+043C (decimal 1084)
   defining Unicode char U+043D (decimal 1085)
   defining Unicode char U+043E (decimal 1086)
   defining Unicode char U+043F (decimal 1087)
   defining Unicode char U+0440 (decimal 1088)
   defining Unicode char U+0441 (decimal 1089)
   defining Unicode char U+0442 (decimal 1090)
   defining Unicode char U+0443 (decimal 1091)
   defining Unicode char U+0444 (decimal 1092)
   defining Unicode char U+0445 (decimal 1093)
   defining Unicode char U+0446 (decimal 1094)
   defining Unicode char U+0447 (decimal 1095)
   defining Unicode char U+0448 (decimal 1096)
   defining Unicode char U+0449 (decimal 1097)
   defining Unicode char U+044A (decimal 1098)
   defining Unicode char U+044B (decimal 1099)
   defining Unicode char U+044C (decimal 1100)
   defining Unicode char U+044D (decimal 1101)
   defining Unicode char U+044E (decimal 1102)
   defining Unicode char U+044F (decimal 1103)
   defining Unicode char U+0450 (decimal 1104)
   defining Unicode char U+0451 (decimal 1105)
   defining Unicode char U+0452 (decimal 1106)
   defining Unicode char U+0453 (decimal 1107)
   defining Unicode char U+0454 (decimal 1108)
   defining Unicode char U+0455 (decimal 1109)
   defining Unicode char U+0456 (decimal 1110)
   defining Unicode char U+0457 (decimal 1111)
   defining Unicode char U+0458 (decimal 1112)
   defining Unicode char U+0459 (decimal 1113)
   defining Unicode char U+045A (decimal 1114)
   defining Unicode char U+045B (decimal 1115)
   defining Unicode char U+045C (decimal 1116)
   defining Unicode char U+045D (decimal 1117)
   defining Unicode char U+045E (decimal 1118)
   defining Unicode char U+045F (decimal 1119)
   defining Unicode char U+0490 (decimal 1168)
   defining Unicode char U+0491 (decimal 1169)
   defining Unicode char U+0492 (decimal 1170)
   defining Unicode char U+0493 (decimal 1171)
   defining Unicode char U+0496 (decimal 1174)
   defining Unicode char U+0497 (decimal 1175)
   defining Unicode char U+0498 (decimal 1176)
   defining Unicode char U+0499 (decimal 1177)
   defining Unicode char U+049A (decimal 1178)
   defining Unicode char U+049B (decimal 1179)
   defining Unicode char U+049C (decimal 1180)
   defining Unicode char U+049D (decimal 1181)
   defining Unicode char U+04A0 (decimal 1184)
   defining Unicode char U+04A1 (decimal 1185)
   defining Unicode char U+04A2 (decimal 1186)
   defining Unicode char U+04A3 (decimal 1187)
   defining Unicode char U+04A4 (decimal 1188)
   defining Unicode char U+04A5 (decimal 1189)
   defining Unicode char U+04AA (decimal 1194)
   defining Unicode char U+04AB (decimal 1195)
   defining Unicode char U+04AE (decimal 1198)
   defining Unicode char U+04AF (decimal 1199)
   defining Unicode char U+04B0 (decimal 1200)
   defining Unicode char U+04B1 (decimal 1201)
   defining Unicode char U+04B2 (decimal 1202)
   defining Unicode char U+04B3 (decimal 1203)
   defining Unicode char U+04B6 (decimal 1206)
   defining Unicode char U+04B7 (decimal 1207)
   defining Unicode char U+04B8 (decimal 1208)
   defining Unicode char U+04B9 (decimal 1209)
   defining Unicode char U+04BA (decimal 1210)
   defining Unicode char U+04BB (decimal 1211)
   defining Unicode char U+04C0 (decimal 1216)
   defining Unicode char U+04C1 (decimal 1217)
   defining Unicode char U+04C2 (decimal 1218)
   defining Unicode char U+04D0 (decimal 1232)
   defining Unicode char U+04D1 (decimal 1233)
   defining Unicode char U+04D2 (decimal 1234)
   defining Unicode char U+04D3 (decimal 1235)
   defining Unicode char U+04D4 (decimal 1236)
   defining Unicode char U+04D5 (decimal 1237)
   defining Unicode char U+04D6 (decimal 1238)
   defining Unicode char U+04D7 (decimal 1239)
   defining Unicode char U+04D8 (decimal 1240)
   defining Unicode char U+04D9 (decimal 1241)
   defining Unicode char U+04DA (decimal 1242)
   defining Unicode char U+04DB (decimal 1243)
   defining Unicode char U+04DC (decimal 1244)
   defining Unicode char U+04DD (decimal 1245)
   defining Unicode char U+04DE (decimal 1246)
   defining Unicode char U+04DF (decimal 1247)
   defining Unicode char U+04E2 (decimal 1250)
   defining Unicode char U+04E3 (decimal 1251)
   defining Unicode char U+04E4 (decimal 1252)
   defining Unicode char U+04E5 (decimal 1253)
   defining Unicode char U+04E6 (decimal 1254)
   defining Unicode char U+04E7 (decimal 1255)
   defining Unicode char U+04E8 (decimal 1256)
   defining Unicode char U+04E9 (decimal 1257)
   defining Unicode char U+04EC (decimal 1260)
   defining Unicode char U+04ED (decimal 1261)
   defining Unicode char U+04EE (decimal 1262)
   defining Unicode char U+04EF (decimal 1263)
   defining Unicode char U+04F0 (decimal 1264)
   defining Unicode char U+04F1 (decimal 1265)
   defining Unicode char U+04F2 (decimal 1266)
   defining Unicode char U+04F3 (decimal 1267)
   defining Unicode char U+04F4 (decimal 1268)
   defining Unicode char U+04F5 (decimal 1269)
   defining Unicode char U+04F8 (decimal 1272)
   defining Unicode char U+04F9 (decimal 1273)
   defining Unicode char U+200C (decimal 8204)
   defining Unicode char U+2013 (decimal 8211)
   defining Unicode char U+2014 (decimal 8212)
   defining Unicode char U+2018 (decimal 8216)
   defining Unicode char U+2019 (decimal 8217)
   defining Unicode char U+201C (decimal 8220)
   defining Unicode char U+201D (decimal 8221)
   defining Unicode char U+201E (decimal 8222)
   defining Unicode char U+2030 (decimal 8240)
   defining Unicode char U+2031 (decimal 8241)
   defining Unicode char U+2116 (decimal 8470)
   defining Unicode char U+2329 (decimal 9001)
   defining Unicode char U+232A (decimal 9002)
   defining Unicode char U+2423 (decimal 9251)
   defining Unicode char U+27E8 (decimal 10216)
   defining Unicode char U+27E9 (decimal 10217)
   defining Unicode char U+FB00 (decimal 64256)
   defining Unicode char U+FB01 (decimal 64257)
   defining Unicode char U+FB02 (decimal 64258)
   defining Unicode char U+FB03 (decimal 64259)
   defining Unicode char U+FB04 (decimal 64260)
   defining Unicode char U+FB05 (decimal 64261)
   defining Unicode char U+FB06 (decimal 64262)
)) ("C:\Users\KitG\AppData\Local\Programs\MiKTeX 2.9\tex/latex/ly1\ly1enc.def"
File: ly1enc.def 2009/07/22 v0.7 TeX 'n ANSI encoding (DPC/KB)
Now handling font encoding LY1 ...
... processing UTF-8 mapping file for font encoding LY1

("C:\Users\KitG\AppData\Local\Programs\MiKTeX 2.9\tex/latex/base\ly1enc.dfu"
File: ly1enc.dfu 2019/11/14 v1.2k UTF-8 support for inputenc
   defining Unicode char U+00A0 (decimal 160)
   defining Unicode char U+00A1 (decimal 161)
   defining Unicode char U+00A2 (decimal 162)
   defining Unicode char U+00A3 (decimal 163)
   defining Unicode char U+00A4 (decimal 164)
   defining Unicode char U+00A5 (decimal 165)
   defining Unicode char U+00A6 (decimal 166)
   defining Unicode char U+00A7 (decimal 167)
   defining Unicode char U+00AA (decimal 170)
   defining Unicode char U+00AB (decimal 171)
   defining Unicode char U+00AD (decimal 173)
   defining Unicode char U+00AE (decimal 174)
   defining Unicode char U+00B0 (decimal 176)
   defining Unicode char U+00B5 (decimal 181)
   defining Unicode char U+00B6 (decimal 182)
   defining Unicode char U+00B7 (decimal 183)
   defining Unicode char U+00BA (decimal 186)
   defining Unicode char U+00BB (decimal 187)
   defining Unicode char U+00BC (decimal 188)
   defining Unicode char U+00BD (decimal 189)
   defining Unicode char U+00BE (decimal 190)
   defining Unicode char U+00BF (decimal 191)
   defining Unicode char U+00C0 (decimal 192)
   defining Unicode char U+00C1 (decimal 193)
   defining Unicode char U+00C2 (decimal 194)
   defining Unicode char U+00C3 (decimal 195)
   defining Unicode char U+00C4 (decimal 196)
   defining Unicode char U+00C5 (decimal 197)
   defining Unicode char U+00C6 (decimal 198)
   defining Unicode char U+00C7 (decimal 199)
   defining Unicode char U+00C8 (decimal 200)
   defining Unicode char U+00C9 (decimal 201)
   defining Unicode char U+00CA (decimal 202)
   defining Unicode char U+00CB (decimal 203)
   defining Unicode char U+00CC (decimal 204)
   defining Unicode char U+00CD (decimal 205)
   defining Unicode char U+00CE (decimal 206)
   defining Unicode char U+00CF (decimal 207)
   defining Unicode char U+00D0 (decimal 208)
   defining Unicode char U+00D1 (decimal 209)
   defining Unicode char U+00D2 (decimal 210)
   defining Unicode char U+00D3 (decimal 211)
   defining Unicode char U+00D4 (decimal 212)
   defining Unicode char U+00D5 (decimal 213)
   defining Unicode char U+00D6 (decimal 214)
   defining Unicode char U+00D8 (decimal 216)
   defining Unicode char U+00D9 (decimal 217)
   defining Unicode char U+00DA (decimal 218)
   defining Unicode char U+00DB (decimal 219)
   defining Unicode char U+00DC (decimal 220)
   defining Unicode char U+00DD (decimal 221)
   defining Unicode char U+00DE (decimal 222)
   defining Unicode char U+00DF (decimal 223)
   defining Unicode char U+00E0 (decimal 224)
   defining Unicode char U+00E1 (decimal 225)
   defining Unicode char U+00E2 (decimal 226)
   defining Unicode char U+00E3 (decimal 227)
   defining Unicode char U+00E4 (decimal 228)
   defining Unicode char U+00E5 (decimal 229)
   defining Unicode char U+00E6 (decimal 230)
   defining Unicode char U+00E7 (decimal 231)
   defining Unicode char U+00E8 (decimal 232)
   defining Unicode char U+00E9 (decimal 233)
   defining Unicode char U+00EA (decimal 234)
   defining Unicode char U+00EB (decimal 235)
   defining Unicode char U+00EC (decimal 236)
   defining Unicode char U+00ED (decimal 237)
   defining Unicode char U+00EE (decimal 238)
   defining Unicode char U+00EF (decimal 239)
   defining Unicode char U+00F0 (decimal 240)
   defining Unicode char U+00F1 (decimal 241)
   defining Unicode char U+00F2 (decimal 242)
   defining Unicode char U+00F3 (decimal 243)
   defining Unicode char U+00F4 (decimal 244)
   defining Unicode char U+00F5 (decimal 245)
   defining Unicode char U+00F6 (decimal 246)
   defining Unicode char U+00F8 (decimal 248)
   defining Unicode char U+00F9 (decimal 249)
   defining Unicode char U+00FA (decimal 250)
   defining Unicode char U+00FB (decimal 251)
   defining Unicode char U+00FC (decimal 252)
   defining Unicode char U+00FD (decimal 253)
   defining Unicode char U+00FE (decimal 254)
   defining Unicode char U+00FF (decimal 255)
   defining Unicode char U+0131 (decimal 305)
   defining Unicode char U+0141 (decimal 321)
   defining Unicode char U+0142 (decimal 322)
   defining Unicode char U+0152 (decimal 338)
   defining Unicode char U+0153 (decimal 339)
   defining Unicode char U+0160 (decimal 352)
   defining Unicode char U+0161 (decimal 353)
   defining Unicode char U+0174 (decimal 372)
   defining Unicode char U+0175 (decimal 373)
   defining Unicode char U+0176 (decimal 374)
   defining Unicode char U+0177 (decimal 375)
   defining Unicode char U+0178 (decimal 376)
   defining Unicode char U+017D (decimal 381)
   defining Unicode char U+017E (decimal 382)
   defining Unicode char U+0192 (decimal 402)
   defining Unicode char U+0218 (decimal 536)
   defining Unicode char U+0219 (decimal 537)
   defining Unicode char U+021A (decimal 538)
   defining Unicode char U+021B (decimal 539)
   defining Unicode char U+0237 (decimal 567)
   defining Unicode char U+02C6 (decimal 710)
   defining Unicode char U+02DC (decimal 732)
   defining Unicode char U+2013 (decimal 8211)
   defining Unicode char U+2014 (decimal 8212)
   defining Unicode char U+201C (decimal 8220)
   defining Unicode char U+201D (decimal 8221)
   defining Unicode char U+2020 (decimal 8224)
   defining Unicode char U+2021 (decimal 8225)
   defining Unicode char U+2022 (decimal 8226)
   defining Unicode char U+2026 (decimal 8230)
   defining Unicode char U+2030 (decimal 8240)
   defining Unicode char U+2039 (decimal 8249)
   defining Unicode char U+203A (decimal 8250)
   defining Unicode char U+2122 (decimal 8482)
   defining Unicode char U+FB00 (decimal 64256)
   defining Unicode char U+FB01 (decimal 64257)
   defining Unicode char U+FB02 (decimal 64258)
   defining Unicode char U+FB03 (decimal 64259)
   defining Unicode char U+FB04 (decimal 64260)
   defining Unicode char U+FB05 (decimal 64261)
   defining Unicode char U+FB06 (decimal 64262)
))) ("C:\Users\KitG\AppData\Local\Programs\MiKTeX 2.9\tex/latex/base\textcomp.s
ty"
Package: textcomp 2020/02/02 v2.0n Standard LaTeX package
)
("C:\Users\KitG\AppData\Local\Programs\MiKTeX 2.9\tex/latex/etoolbox\etoolbox.s
ty"
Package: etoolbox 2019/09/21 v2.5h e-TeX tools for LaTeX (JAW)
\etb@tempcnta=\count292
)
("C:\Users\KitG\AppData\Local\Programs\MiKTeX 2.9\tex/latex/fontaxes\fontaxes.s
ty"
Package: fontaxes 2014/03/23 v1.0d Font selection axes
LaTeX Info: Redefining \upshape on input line 29.
LaTeX Info: Redefining \itshape on input line 31.
LaTeX Info: Redefining \slshape on input line 33.
LaTeX Info: Redefining \swshape on input line 35.
LaTeX Info: Redefining \scshape on input line 37.
LaTeX Info: Redefining \sscshape on input line 39.
LaTeX Info: Redefining \ulcshape on input line 41.
LaTeX Info: Redefining \textsw on input line 47.
LaTeX Info: Redefining \textssc on input line 48.
LaTeX Info: Redefining \textulc on input line 49.
)
("C:\Users\KitG\AppData\Local\Programs\MiKTeX 2.9\tex/latex/xkeyval\xkeyval.sty
"
Package: xkeyval 2014/12/03 v2.7a package option processing (HA)

("C:\Users\KitG\AppData\Local\Programs\MiKTeX 2.9\tex/generic/xkeyval\xkeyval.t
ex"
("C:\Users\KitG\AppData\Local\Programs\MiKTeX 2.9\tex/generic/xkeyval\xkvutils.
tex"
\XKV@toks=\toks34
\XKV@tempa@toks=\toks35
)
\XKV@depth=\count293
File: xkeyval.tex 2014/12/03 v2.7a key=value parser (HA)
)))
("C:\Users\KitG\AppData\Local\Programs\MiKTeX 2.9\tex/latex/fancyhdr\fancyhdr.s
ty"
Package: fancyhdr 2019/01/31 v3.10 Extensive control of page headers and footer
s
\f@nch@headwidth=\skip63
\f@nch@O@elh=\skip64
\f@nch@O@erh=\skip65
\f@nch@O@olh=\skip66
\f@nch@O@orh=\skip67
\f@nch@O@elf=\skip68
\f@nch@O@erf=\skip69
\f@nch@O@olf=\skip70
\f@nch@O@orf=\skip71
)
("C:\Users\KitG\AppData\Local\Programs\MiKTeX 2.9\tex/latex/titling\titling.sty
"
Package: titling 2009/09/04 v2.1d maketitle typesetting
\thanksmarkwidth=\skip72
\thanksmargin=\skip73
\droptitle=\skip74
)
("C:\Users\KitG\AppData\Local\Programs\MiKTeX 2.9\tex/latex/lettrine\lettrine.s
ty"
File: lettrine.sty 2019-04-06 v2.22 (Daniel Flipo)

("C:\Users\KitG\AppData\Local\Programs\MiKTeX 2.9\tex/generic/minifp\minifp.sty
"
Package: minifp 2013/12/30 v0.96. Macros for real number operations and a stack
-based programing language.
\MFP@loopctr=\count294
)
\c@DefaultLines=\count295
\c@DefaultDepth=\count296
\DefaultFindent=\dimen191
\DefaultNindent=\dimen192
\DefaultSlope=\dimen193
\DiscardVskip=\dimen194
\L@lbox=\box58
\L@tbox=\box59
\c@L@lines=\count297
\c@L@depth=\count298
\L@Pindent=\dimen195
\L@Findent=\dimen196
\L@Nindent=\dimen197
\L@lraise=\dimen198
\L@first=\dimen199
\L@next=\dimen256
\L@slope=\dimen257
\L@height=\dimen258
\L@novskip=\dimen259
\L@target@ht=\dimen260
\L@target@dp=\dimen261
\L@target@tht=\dimen262
\LettrineWidth=\dimen263
\LettrineHeight=\dimen264
\LettrineDepth=\dimen265
\Llist@everypar=\toks36

Loading lettrine.cfg

("C:\Users\KitG\AppData\Local\Programs\MiKTeX 2.9\tex/latex/lettrine\lettrine.c
fg"))
("C:\Users\KitG\AppData\Local\Programs\MiKTeX 2.9\tex/latex/base\fix-cm.sty"
Package: fix-cm 2015/01/14 v1.1t fixes to LaTeX

("C:\Users\KitG\AppData\Local\Programs\MiKTeX 2.9\tex/latex/base\ts1enc.def"
File: ts1enc.def 2001/06/05 v3.0e (jk/car/fm) Standard LaTeX file
LaTeX Font Info:    Redeclaring font encoding TS1 on input line 47.
))
("C:\Users\KitG\AppData\Local\Programs\MiKTeX 2.9\tex/latex/xstring\xstring.sty
"
("C:\Users\KitG\AppData\Local\Programs\MiKTeX 2.9\tex/generic/xstring\xstring.t
ex"
\integerpart=\count299
\decimalpart=\count300
)
Package: xstring 2019/02/06 v1.83 String manipulations (CT)
)
("C:\Users\KitG\AppData\Local\Programs\MiKTeX 2.9\tex/latex/biblatex\biblatex.s
ty"
Package: biblatex 2019/12/01 v3.14 programmable bibliographies (PK/MW)

("C:\Users\KitG\AppData\Local\Programs\MiKTeX 2.9\tex/latex/pdftexcmds\pdftexcm
ds.sty"
Package: pdftexcmds 2019/11/24 v0.31 Utility functions of pdfTeX for LuaTeX (HO
)

("C:\Users\KitG\AppData\Local\Programs\MiKTeX 2.9\tex/generic/infwarerr\infware
rr.sty"
Package: infwarerr 2019/12/03 v1.5 Providing info/warning/error messages (HO)
)
("C:\Users\KitG\AppData\Local\Programs\MiKTeX 2.9\tex/generic/ltxcmds\ltxcmds.s
ty"
Package: ltxcmds 2019/12/15 v1.24 LaTeX kernel commands for general use (HO)
)
Package pdftexcmds Info: \pdf@primitive is available.
Package pdftexcmds Info: \pdf@ifprimitive is available.
Package pdftexcmds Info: \pdfdraftmode found.
)
("C:\Users\KitG\AppData\Local\Programs\MiKTeX 2.9\tex/latex/kvoptions\kvoptions
.sty"
Package: kvoptions 2019/11/29 v3.13 Key value format for package options (HO)

("C:\Users\KitG\AppData\Local\Programs\MiKTeX 2.9\tex/generic/kvsetkeys\kvsetke
ys.sty"
Package: kvsetkeys 2019/12/15 v1.18 Key value parser (HO)
))
("C:\Users\KitG\AppData\Local\Programs\MiKTeX 2.9\tex/latex/logreq\logreq.sty"
Package: logreq 2010/08/04 v1.0 xml request logger
\lrq@indent=\count301

("C:\Users\KitG\AppData\Local\Programs\MiKTeX 2.9\tex/latex/logreq\logreq.def"
File: logreq.def 2010/08/04 v1.0 logreq spec v1.0
)) ("C:\Users\KitG\AppData\Local\Programs\MiKTeX 2.9\tex/latex/base\ifthen.sty"
Package: ifthen 2014/09/29 v1.1c Standard LaTeX ifthen package (DPC)
) ("C:\Users\KitG\AppData\Local\Programs\MiKTeX 2.9\tex/latex/url\url.sty"
\Urlmuskip=\muskip17
Package: url 2013/09/16  ver 3.4  Verb mode for urls, etc.
)
\c@tabx@nest=\count302
\c@listtotal=\count303
\c@listcount=\count304
\c@liststart=\count305
\c@liststop=\count306
\c@citecount=\count307
\c@citetotal=\count308
\c@multicitecount=\count309
\c@multicitetotal=\count310
\c@instcount=\count311
\c@maxnames=\count312
\c@minnames=\count313
\c@maxitems=\count314
\c@minitems=\count315
\c@citecounter=\count316
\c@maxcitecounter=\count317
\c@savedcitecounter=\count318
\c@uniquelist=\count319
\c@uniquename=\count320
\c@refsection=\count321
\c@refsegment=\count322
\c@maxextratitle=\count323
\c@maxextratitleyear=\count324
\c@maxextraname=\count325
\c@maxextradate=\count326
\c@maxextraalpha=\count327
\c@abbrvpenalty=\count328
\c@highnamepenalty=\count329
\c@lownamepenalty=\count330
\c@maxparens=\count331
\c@parenlevel=\count332
\blx@tempcnta=\count333
\blx@tempcntb=\count334
\blx@tempcntc=\count335
\blx@maxsection=\count336
\blx@maxsegment@0=\count337
\blx@notetype=\count338
\blx@parenlevel@text=\count339
\blx@parenlevel@foot=\count340
\blx@sectionciteorder@0=\count341
\blx@entrysetcounter=\count342
\labelnumberwidth=\skip75
\labelalphawidth=\skip76
\biblabelsep=\skip77
\bibitemsep=\skip78
\bibnamesep=\skip79
\bibinitsep=\skip80
\bibparsep=\skip81
\bibhang=\skip82
\blx@bcfin=\read4
\blx@bcfout=\write3
\blx@langwohyphens=\language78
\c@mincomprange=\count343
\c@maxcomprange=\count344
\c@mincompwidth=\count345
Package biblatex Info: Trying to load biblatex default data model...
Package biblatex Info: ... file 'blx-dm.def' found.

("C:\Users\KitG\AppData\Local\Programs\MiKTeX 2.9\tex/latex/biblatex\blx-dm.def
"
File: blx-dm.def 2019/12/01 v3.14 biblatex localization (PK/MW)
)
Package biblatex Info: Trying to load biblatex style data model...
Package biblatex Info: ... file 'phys.dbx' found.

("C:\Users\KitG\AppData\Local\Programs\MiKTeX 2.9\tex/latex/biblatex-phys\phys.
dbx"
File: phys.dbx 2019/12/03 v1.1b biblatex database model extension
)
Package biblatex Info: Trying to load biblatex custom data model...
Package biblatex Info: ... file 'biblatex-dm.cfg' not found.
\c@afterword=\count346
\c@savedafterword=\count347
\c@annotator=\count348
\c@savedannotator=\count349
\c@author=\count350
\c@savedauthor=\count351
\c@bookauthor=\count352
\c@savedbookauthor=\count353
\c@commentator=\count354
\c@savedcommentator=\count355
\c@editor=\count356
\c@savededitor=\count357
\c@editora=\count358
\c@savededitora=\count359
\c@editorb=\count360
\c@savededitorb=\count361
\c@editorc=\count362
\c@savededitorc=\count363
\c@foreword=\count364
\c@savedforeword=\count365
\c@holder=\count366
\c@savedholder=\count367
\c@introduction=\count368
\c@savedintroduction=\count369
\c@namea=\count370
\c@savednamea=\count371
\c@nameb=\count372
\c@savednameb=\count373
\c@namec=\count374
\c@savednamec=\count375
\c@translator=\count376
\c@savedtranslator=\count377
\c@shortauthor=\count378
\c@savedshortauthor=\count379
\c@shorteditor=\count380
\c@savedshorteditor=\count381
\c@labelname=\count382
\c@savedlabelname=\count383
\c@institution=\count384
\c@savedinstitution=\count385
\c@lista=\count386
\c@savedlista=\count387
\c@listb=\count388
\c@savedlistb=\count389
\c@listc=\count390
\c@savedlistc=\count391
\c@listd=\count392
\c@savedlistd=\count393
\c@liste=\count394
\c@savedliste=\count395
\c@listf=\count396
\c@savedlistf=\count397
\c@location=\count398
\c@savedlocation=\count399
\c@organization=\count400
\c@savedorganization=\count401
\c@origlocation=\count402
\c@savedoriglocation=\count403
\c@origpublisher=\count404
\c@savedorigpublisher=\count405
\c@publisher=\count406
\c@savedpublisher=\count407
\c@language=\count408
\c@savedlanguage=\count409
\c@origlanguage=\count410
\c@savedoriglanguage=\count411
\c@pageref=\count412
\c@savedpageref=\count413
\shorthandwidth=\skip83
\shortjournalwidth=\skip84
\shortserieswidth=\skip85
\shorttitlewidth=\skip86
\shortauthorwidth=\skip87
\shorteditorwidth=\skip88
\locallabelnumberwidth=\skip89
\locallabelalphawidth=\skip90
\localshorthandwidth=\skip91
\localshortjournalwidth=\skip92
\localshortserieswidth=\skip93
\localshorttitlewidth=\skip94
\localshortauthorwidth=\skip95
\localshorteditorwidth=\skip96
Package biblatex Info: Trying to load compatibility code...
Package biblatex Info: ... file 'blx-compat.def' found.

("C:\Users\KitG\AppData\Local\Programs\MiKTeX 2.9\tex/latex/biblatex\blx-compat
.def"
File: blx-compat.def 2019/12/01 v3.14 biblatex compatibility (PK/MW)
)
Package biblatex Info: Trying to load generic definitions...
Package biblatex Info: ... file 'biblatex.def' found.

("C:\Users\KitG\AppData\Local\Programs\MiKTeX 2.9\tex/latex/biblatex\biblatex.d
ef"
File: biblatex.def 2019/12/01 v3.14 biblatex compatibility (PK/MW)
\c@textcitecount=\count414
\c@textcitetotal=\count415
\c@textcitemaxnames=\count416
\c@biburlbigbreakpenalty=\count417
\c@biburlbreakpenalty=\count418
\c@biburlnumpenalty=\count419
\c@biburlucpenalty=\count420
\c@biburllcpenalty=\count421
\biburlbigskip=\muskip18
\biburlnumskip=\muskip19
\biburlucskip=\muskip20
\biburllcskip=\muskip21
\c@smartand=\count422
)
Package biblatex Info: Trying to load natbib compatibility...
Package biblatex Info: ... file 'blx-natbib.def' found.

("C:\Users\KitG\AppData\Local\Programs\MiKTeX 2.9\tex/latex/biblatex\blx-natbib
.def"
File: blx-natbib.def 2019/12/01 v3.14 biblatex compatibility (PK/MW)
Package biblatex Info: Delimiter 'nameyeardelim' in context '' already defined,
 overwriting.
)
Package biblatex Info: Trying to load bibliography style 'phys'...
Package biblatex Info: ... file 'phys.bbx' found.

("C:\Users\KitG\AppData\Local\Programs\MiKTeX 2.9\tex/latex/biblatex-phys\phys.
bbx"
File: phys.bbx 2019/12/03 v1.1b biblatex bibliography style
Package biblatex Info: Trying to load bibliography style 'numeric-comp'...
Package biblatex Info: ... file 'numeric-comp.bbx' found.

("C:\Users\KitG\AppData\Local\Programs\MiKTeX 2.9\tex/latex/biblatex/bbx\numeri
c-comp.bbx"
File: numeric-comp.bbx 2019/12/01 v3.14 biblatex bibliography style (PK/MW)
Package biblatex Info: Trying to load bibliography style 'numeric'...
Package biblatex Info: ... file 'numeric.bbx' found.

("C:\Users\KitG\AppData\Local\Programs\MiKTeX 2.9\tex/latex/biblatex/bbx\numeri
c.bbx"
File: numeric.bbx 2019/12/01 v3.14 biblatex bibliography style (PK/MW)
Package biblatex Info: Trying to load bibliography style 'standard'...
Package biblatex Info: ... file 'standard.bbx' found.

("C:\Users\KitG\AppData\Local\Programs\MiKTeX 2.9\tex/latex/biblatex/bbx\standa
rd.bbx"
File: standard.bbx 2019/12/01 v3.14 biblatex bibliography style (PK/MW)
\c@bbx:relatedcount=\count423
\c@bbx:relatedtotal=\count424
))))
Package biblatex Info: Trying to load citation style 'phys'...
Package biblatex Info: ... file 'phys.cbx' found.

("C:\Users\KitG\AppData\Local\Programs\MiKTeX 2.9\tex/latex/biblatex-phys\phys.
cbx"
File: phys.cbx 2019/12/03 v1.1b biblatex citation style
Package biblatex Info: Trying to load citation style 'numeric-comp'...
Package biblatex Info: ... file 'numeric-comp.cbx' found.

("C:\Users\KitG\AppData\Local\Programs\MiKTeX 2.9\tex/latex/biblatex/cbx\numeri
c-comp.cbx"
File: numeric-comp.cbx 2019/12/01 v3.14 biblatex citation style (PK/MW)
\c@cbx@tempcnta=\count425
\c@cbx@tempcntb=\count426
Package biblatex Info: Redefining '\cite'.
Package biblatex Info: Redefining '\parencite'.
Package biblatex Info: Redefining '\footcite'.
Package biblatex Info: Redefining '\footcitetext'.
Package biblatex Info: Redefining '\smartcite'.
Package biblatex Info: Redefining '\supercite'.
Package biblatex Info: Redefining '\textcite'.
Package biblatex Info: Redefining '\textcites'.
Package biblatex Info: Redefining '\cites'.
Package biblatex Info: Redefining '\parencites'.
Package biblatex Info: Redefining '\smartcites'.
))
Package biblatex Info: Trying to load configuration file...
Package biblatex Info: ... file 'biblatex.cfg' found.

("C:\Users\KitG\AppData\Local\Programs\MiKTeX 2.9\tex/latex/biblatex\biblatex.c
fg"
File: biblatex.cfg 
))
("C:\Users\KitG\AppData\Local\Programs\MiKTeX 2.9\tex/latex/csquotes\csquotes.s
ty"
Package: csquotes 2019-12-06 v5.2j context-sensitive quotations (JAW)
\csq@reset=\count427
\csq@gtype=\count428
\csq@glevel=\count429
\csq@qlevel=\count430
\csq@maxlvl=\count431
\csq@tshold=\count432
\csq@ltx@everypar=\toks37

("C:\Users\KitG\AppData\Local\Programs\MiKTeX 2.9\tex/latex/csquotes\csquotes.d
ef"
File: csquotes.def 2019-12-06 v5.2j csquotes generic definitions (JAW)
)
Package csquotes Info: Trying to load configuration file 'csquotes.cfg'...
Package csquotes Info: ... configuration file loaded successfully.

("C:\Users\KitG\AppData\Local\Programs\MiKTeX 2.9\tex/latex/csquotes\csquotes.c
fg"
File: csquotes.cfg 
)
Package csquotes Info: Enabling multilingual quotes.
)
("C:\Users\KitG\AppData\Local\Programs\MiKTeX 2.9\tex/latex/appendix\appendix.s
ty"
Package: appendix 2020/02/08 v1.2c extra appendix facilities
\c@@pps=\count433
\c@@ppsavesec=\count434
\c@@ppsaveapp=\count435
))
("C:\Users\KitG\AppData\Local\Programs\MiKTeX 2.9\tex/latex/tools\tabularx.sty"
Package: tabularx 2020/01/15 v2.11c `tabularx' package (DPC)
\TX@col@width=\dimen266
\TX@old@table=\dimen267
\TX@old@col=\dimen268
\TX@target=\dimen269
\TX@delta=\dimen270
\TX@cols=\count436
\TX@ftn=\toks38
)
("C:\Users\KitG\AppData\Local\Programs\MiKTeX 2.9\tex/generic/atbegshi\atbegshi
.sty"
Package: atbegshi 2019/12/05 v1.19 At begin shipout hook (HO)
) ("C:\Users\KitG\AppData\Local\Programs\MiKTeX 2.9\tex/latex/ulem\ulem.sty"
\UL@box=\box60
\UL@hyphenbox=\box61
\UL@skip=\skip97
\UL@hook=\toks39
\UL@height=\dimen271
\UL@pe=\count437
\UL@pixel=\dimen272
\ULC@box=\box62
Package: ulem 2019/11/18
\ULdepth=\dimen273
)
LaTeX Font Info:    Trying to load font information for T1+XCharter-TLF on inpu
t line 69.

("C:\Users\KitG\AppData\Local\Programs\MiKTeX 2.9\tex/latex/xcharter\t1xcharter
-tlf.fd"
File: T1XCharter-TLF.fd 2017/06/25 (autoinst) Font definitions for T1/XCharter-
TLF.
)
LaTeX Font Info:    Font shape `T1/XCharter-TLF/m/n' will be
(Font)              scaled to size 10.95pt on input line 69.
Package csquotes Info: Checking for multilingual support...
Package csquotes Info: ... found 'babel' package.
 (diff3.aux)
\openout1 = `diff3.aux'.

LaTeX Font Info:    Checking defaults for OML/cmm/m/it on input line 69.
LaTeX Font Info:    ... okay on input line 69.
LaTeX Font Info:    Checking defaults for OMS/cmsy/m/n on input line 69.
LaTeX Font Info:    ... okay on input line 69.
LaTeX Font Info:    Checking defaults for OT1/cmr/m/n on input line 69.
LaTeX Font Info:    ... okay on input line 69.
LaTeX Font Info:    Checking defaults for T1/cmr/m/n on input line 69.
LaTeX Font Info:    ... okay on input line 69.
LaTeX Font Info:    Checking defaults for TS1/cmr/m/n on input line 69.
LaTeX Font Info:    ... okay on input line 69.
LaTeX Font Info:    Checking defaults for OMX/cmex/m/n on input line 69.
LaTeX Font Info:    ... okay on input line 69.
LaTeX Font Info:    Checking defaults for U/cmr/m/n on input line 69.
LaTeX Font Info:    ... okay on input line 69.
LaTeX Font Info:    Checking defaults for T2A/cmr/m/n on input line 69.
LaTeX Font Info:    Trying to load font information for T2A+cmr on input line 6
9.

("C:\Users\KitG\AppData\Local\Programs\MiKTeX 2.9\tex/latex/cyrillic\t2acmr.fd"
File: t2acmr.fd 2001/08/11 v1.0a Computer Modern Cyrillic font definitions
)
LaTeX Font Info:    ... okay on input line 69.
LaTeX Font Info:    Checking defaults for LY1/ptm/m/n on input line 69.
LaTeX Font Info:    Trying to load font information for LY1+ptm on input line 6
9.
 ("C:\Users\KitG\AppData\Local\Programs\MiKTeX 2.9\tex/latex/ly1\ly1ptm.fd"
File: ly1ptm.fd 2001/02/01 font definitions for LY1/ptm using Berry names.
)
LaTeX Font Info:    ... okay on input line 69.

("C:\Users\KitG\AppData\Local\Programs\MiKTeX 2.9\tex/context/base/mkii\supp-pd
f.mkii"
[Loading MPS to PDF converter (version 2006.09.02).]
\scratchcounter=\count438
\scratchdimen=\dimen274
\scratchbox=\box63
\nofMPsegments=\count439
\nofMParguments=\count440
\everyMPshowfont=\toks40
\MPscratchCnt=\count441
\MPscratchDim=\dimen275
\MPnumerator=\count442
\makeMPintoPDFobject=\count443
\everyMPtoPDFconversion=\toks41
)
("C:\Users\KitG\AppData\Local\Programs\MiKTeX 2.9\tex/latex/epstopdf-pkg\epstop
df-base.sty"
Package: epstopdf-base 2020-01-24 v2.11 Base part for package epstopdf

("C:\Users\KitG\AppData\Local\Programs\MiKTeX 2.9\tex/latex/grfext\grfext.sty"
Package: grfext 2019/12/03 v1.3 Manage graphics extensions (HO)

("C:\Users\KitG\AppData\Local\Programs\MiKTeX 2.9\tex/generic/kvdefinekeys\kvde
finekeys.sty"
Package: kvdefinekeys 2019-12-19 v1.6 Define keys (HO)
))
Package epstopdf-base Info: Redefining graphics rule for `.eps' on input line 4
85.
Package grfext Info: Graphics extension search list:
(grfext)             [.pdf,.png,.jpg,.mps,.jpeg,.jbig2,.jb2,.PDF,.PNG,.JPG,.JPE
G,.JBIG2,.JB2,.eps]
(grfext)             \AppendGraphicsExtensions on input line 504.
)
LaTeX Info: Redefining \microtypecontext on input line 69.
Package microtype Info: Generating PDF output.
Package microtype Info: Character protrusion enabled (level 2).
Package microtype Info: Using default protrusion set `alltext'.
Package microtype Info: Automatic font expansion enabled (level 2),
(microtype)             stretch: 20, shrink: 20, step: 1, non-selected.
Package microtype Info: Using default expansion set `basictext'.
LaTeX Info: Redefining \showhyphens on input line 69.
Package microtype Info: No adjustment of tracking.
Package microtype Info: No adjustment of interword spacing.
Package microtype Info: No adjustment of character kerning.

("C:\Users\KitG\AppData\Local\Programs\MiKTeX 2.9\tex/latex/microtype\mt-bch.cf
g"
File: mt-bch.cfg 2007/03/03 v1.5 microtype config. file: Bitstream Charter (RS)

)
Package caption Info: Begin \AtBeginDocument code.
Package caption Info: End \AtBeginDocument code.
Package lastpage Info: Please have a look at the pageslts package at
(lastpage)             https://www.ctan.org/pkg/pageslts
(lastpage)             ! on input line 69.

("C:\Users\KitG\AppData\Local\Programs\MiKTeX 2.9\tex/latex/translator\translat
or-basic-dictionary-English.dict"
Dictionary: translator-basic-dictionary, Language: English 
)
("C:\Users\KitG\AppData\Local\Programs\MiKTeX 2.9\tex/latex/siunitx\siunitx-abb
reviations.cfg"
File: siunitx-abbreviations.cfg 2017/11/26 v2.7k siunitx: Abbreviated units
)
*geometry* driver: auto-detecting
*geometry* detected driver: pdftex
*geometry* verbose mode - [ preamble ] result:
* driver: pdftex
* paper: a4paper
* layout: <same size as paper>
* layoutoffset:(h,v)=(0.0pt,0.0pt)
* modes: includehead includefoot 
* h-part:(L,W,R)=(56.9055pt, 483.69687pt, 56.9055pt)
* v-part:(T,H,B)=(28.45274pt, 773.91498pt, 42.67912pt)
* \paperwidth=597.50787pt
* \paperheight=845.04684pt
* \textwidth=483.69687pt
* \textheight=706.91498pt
* \oddsidemargin=-15.36449pt
* \evensidemargin=-15.36449pt
* \topmargin=-43.81725pt
* \headheight=12.0pt
* \headsep=25.0pt
* \topskip=11.0pt
* \footskip=30.0pt
* \marginparwidth=50.0pt
* \marginparsep=10.0pt
* \columnsep=19.91692pt
* \skip\footins=10.0pt plus 4.0pt minus 2.0pt
* \hoffset=0.0pt
* \voffset=0.0pt
* \mag=1000
* \@twocolumnfalse
* \@twosidefalse
* \@mparswitchfalse
* \@reversemarginfalse
* (1in=72.27pt=25.4mm, 1cm=28.453pt)

\c@mv@tabular=\count444
\c@mv@boldtabular=\count445
Package biblatex Info: Trying to load language 'english'...
Package biblatex Info: ... file 'english.lbx' found.

("C:\Users\KitG\AppData\Local\Programs\MiKTeX 2.9\tex/latex/biblatex/lbx\englis
h.lbx"
File: english.lbx 2019/12/01 v3.14 biblatex localization (PK/MW)
)
Package biblatex Info: Input encoding 'utf8' detected.
Package biblatex Info: Automatic encoding selection.
(biblatex)             Assuming data encoding 'utf8'.
\openout3 = `diff3.bcf'.

Package biblatex Info: Trying to load bibliographic data...
Package biblatex Info: ... file 'diff3.bbl' not found.

No file diff3.bbl.
Package biblatex Info: Reference section=0 on input line 69.
Package biblatex Info: Reference segment=0 on input line 69.
\AtBeginShipoutBox=\box64

("C:\Users\KitG\AppData\Local\Programs\MiKTeX 2.9\tex/latex/microtype\mt-cmr.cf
g"
File: mt-cmr.cfg 2013/05/19 v2.2 microtype config. file: Computer Modern Roman 
(RS)
)
LaTeX Font Info:    Trying to load font information for U+msa on input line 69.

 ("C:\Users\KitG\AppData\Local\Programs\MiKTeX 2.9\tex/latex/amsfonts\umsa.fd"
File: umsa.fd 2013/01/14 v3.01 AMS symbols A
)
("C:\Users\KitG\AppData\Local\Programs\MiKTeX 2.9\tex/latex/microtype\mt-msa.cf
g"
File: mt-msa.cfg 2006/02/04 v1.1 microtype config. file: AMS symbols (a) (RS)
)
LaTeX Font Info:    Trying to load font information for U+msb on input line 69.

 ("C:\Users\KitG\AppData\Local\Programs\MiKTeX 2.9\tex/latex/amsfonts\umsb.fd"
File: umsb.fd 2013/01/14 v3.01 AMS symbols B
)
("C:\Users\KitG\AppData\Local\Programs\MiKTeX 2.9\tex/latex/microtype\mt-msb.cf
g"
File: mt-msb.cfg 2005/06/01 v1.0 microtype config. file: AMS symbols (b) (RS)
)
Package microtype Info: Loading generic protrusion settings for font family
(microtype)             `cmss' (encoding: OT1).
(microtype)             For optimal results, create family-specific settings.
(microtype)             See the microtype manual for details.
Package microtype Info: Loading generic protrusion settings for font family
(microtype)             `cmtt' (encoding: OT1).
(microtype)             For optimal results, create family-specific settings.
(microtype)             See the microtype manual for details.
 (titlepage.tex
Package atbegshi Info: Shipout page discarded.
LaTeX Font Info:    Trying to load font information for OT1+phv on input line 6
.

("C:\Users\KitG\AppData\Local\Programs\MiKTeX 2.9\tex/latex/psnfss\ot1phv.fd"
File: ot1phv.fd 2001/06/04 scalable font definitions for OT1/phv.
)
Package microtype Info: Loading generic protrusion settings for font family
(microtype)             `phv' (encoding: OT1).
(microtype)             For optimal results, create family-specific settings.
(microtype)             See the microtype manual for details.
LaTeX Font Info:    Font shape `T1/XCharter-TLF/m/n' will be
(Font)              scaled to size 12.0pt on input line 6.
LaTeX Font Info:    Font shape `T1/XCharter-TLF/m/n' will be
(Font)              scaled to size 9.0pt on input line 6.
LaTeX Font Info:    Font shape `T1/XCharter-TLF/m/sc' will be
(Font)              scaled to size 10.95pt on input line 9.
LaTeX Font Info:    Font shape `T1/XCharter-TLF/m/n' will be
(Font)              scaled to size 32.60931pt on input line 9.
LaTeX Font Info:    Font shape `T1/XCharter-TLF/m/n' will be
(Font)              scaled to size 47.95464pt on input line 9.
Package lettrine.sty Info: Targeted height = 32.60931pt
(lettrine.sty)             (no accent, loversize=0),
(lettrine.sty)             Lettrine height = 32.60916pt (\color {NavyBlue}{T});

(lettrine.sty)             reported on input line 9.
LaTeX Font Info:    Font shape `T1/XCharter-TLF/b/n' will be
(Font)              scaled to size 10.95pt on input line 9.
LaTeX Font Info:    Font shape `T1/XCharter-TLF/m/it' will be
(Font)              scaled to size 10.95pt on input line 20.

[2{C:/Users/KitG/AppData/Local/MiKTeX/2.9/pdftex/config/pdftex.map}])
LaTeX Font Info:    Font shape `T1/XCharter-TLF/m/n' will be
(Font)              scaled to size 14.4pt on input line 81.
LaTeX Font Info:    Font shape `T1/XCharter-TLF/b/n' will be
(Font)              scaled to size 14.4pt on input line 81.

(diff3.toc)
\tf@toc=\write4
\openout4 = `diff3.toc'.



Package Fancyhdr Warning: \headheight is too small (12.0pt): 
Make it at least 13.59999pt.
We now make it that large for the rest of the document.
This may cause the page layout to be inconsistent, however.

[1]

LaTeX Warning: Citation 'Kirkwood1954' on page 2 undefined on input line 95.


LaTeX Warning: Citation 'Kerr1993' on page 2 undefined on input line 95.


LaTeX Warning: Citation 'Frenkel1999' on page 2 undefined on input line 95.


LaTeX Warning: Citation 'Adams1998' on page 2 undefined on input line 95.


LaTeX Warning: Citation 'Anderson2002' on page 2 undefined on input line 95.


LaTeX Warning: Citation 'Forsyth1978' on page 2 undefined on input line 95.


LaTeX Warning: Citation 'Takezoe2006' on page 2 undefined on input line 95.


LaTeX Warning: Citation 'Etxebarria2008' on page 2 undefined on input line 95.


LaTeX Warning: Citation 'Yang2018' on page 2 undefined on input line 95.


LaTeX Warning: Citation 'Cha2015' on page 2 undefined on input line 99.


LaTeX Warning: Citation 'Wang2018' on page 2 undefined on input line 99.


LaTeX Warning: Citation 'Barry2010' on page 2 undefined on input line 99.


LaTeX Warning: Citation 'Lin2000' on page 2 undefined on input line 99.

LaTeX Font Info:    Font shape `T1/XCharter-TLF/b/n' will be
(Font)              scaled to size 12.0pt on input line 105.

LaTeX Warning: Citation 'Reinitzer1888' on page 2 undefined on input line 108.


LaTeX Warning: Citation 'Friedel1922' on page 2 undefined on input line 108.


LaTeX Warning: Citation 'Gray1962' on page 2 undefined on input line 108.


LaTeX Warning: Citation 'Heilmeier1969' on page 2 undefined on input line 108.


LaTeX Warning: Citation 'Heilmeier1968' on page 2 undefined on input line 108.


LaTeX Warning: Citation 'DeGennes1992' on page 2 undefined on input line 108.


LaTeX Warning: Citation 'DeGennes1993' on page 2 undefined on input line 110.

LaTeX Font Info:    Trying to load font information for TS1+XCharter-TLF on inp
ut line 113.

("C:\Users\KitG\AppData\Local\Programs\MiKTeX 2.9\tex/latex/xcharter\ts1xcharte
r-tlf.fd"
File: TS1XCharter-TLF.fd 2017/06/25 (autoinst) Font definitions for TS1/XCharte
r-TLF.
)
LaTeX Font Info:    Font shape `TS1/XCharter-TLF/m/n' will be
(Font)              scaled to size 10.95pt on input line 113.
Package microtype Info: Character `textlbrackdbl ' is missing
(microtype)             in font `TS1/XCharter-TLF/m/n/10.95'.
(microtype)             Ignoring protrusion settings for this character.
Package microtype Info: Character `textrbrackdbl ' is missing
(microtype)             in font `TS1/XCharter-TLF/m/n/10.95'.
(microtype)             Ignoring protrusion settings for this character.
Package microtype Info: Character `texttildelow ' is missing
(microtype)             in font `TS1/XCharter-TLF/m/n/10.95'.
(microtype)             Ignoring protrusion settings for this character.
LaTeX Font Info:    Font shape `T1/XCharter-TLF/m/n' will be
(Font)              scaled to size 8.0pt on input line 113.
 [2]
<Figures/lc_phases_cropped.jpg, id=18, 259.7203pt x 92.59593pt>
File: Figures/lc_phases_cropped.jpg Graphic file (type jpg)
<use Figures/lc_phases_cropped.jpg>
Package pdftex.def Info: Figures/lc_phases_cropped.jpg  used on input line 123.

(pdftex.def)             Requested size: 338.58632pt x 120.71376pt.
LaTeX Font Info:    Font shape `T1/XCharter-TLF/m/n' will be
(Font)              scaled to size 10.0pt on input line 124.
LaTeX Font Info:    Font shape `T1/XCharter-TLF/b/n' will be
(Font)              scaled to size 10.0pt on input line 124.
LaTeX Font Info:    Font shape `T1/XCharter-TLF/m/it' will be
(Font)              scaled to size 10.0pt on input line 124.


LaTeX Warning: Citation 'Kato2007' on page 3 undefined on input line 124.


LaTeX Warning: Citation 'Kato2007' on page 3 undefined on input line 124.


LaTeX Warning: Citation 'Chandrasekhar1977' on page 3 undefined on input line 1
31.


LaTeX Warning: Citation 'LinLei1988' on page 3 undefined on input line 131.


LaTeX Warning: Citation 'Zimmermann1985' on page 3 undefined on input line 131.



LaTeX Warning: Citation 'Malthete1985' on page 3 undefined on input line 131.


LaTeX Warning: Citation 'DeGennes1993' on page 3 undefined on input line 136.


LaTeX Warning: Citation 'DeGennes1993' on page 3 undefined on input line 137.


Overfull \hbox (2014.36374pt too wide) in paragraph at lines 133--138
[][]|   []
 []


LaTeX Warning: Citation 'Frenkel1999' on page 3 undefined on input line 139.


LaTeX Warning: Citation 'Onsager1949' on page 3 undefined on input line 143.

[3 <./Figures/lc_phases_cropped.jpg>]

LaTeX Warning: Citation 'Frenkel1987' on page 4 undefined on input line 145.


LaTeX Warning: Citation 'Frenkel1987b' on page 4 undefined on input line 145.


LaTeX Warning: Citation 'Frenkel1988b' on page 4 undefined on input line 145.


LaTeX Warning: Citation 'Kubo1979' on page 4 undefined on input line 145.


LaTeX Warning: Citation 'Oldenbourg1988' on page 4 undefined on input line 145.



LaTeX Warning: Citation 'Fraden1993' on page 4 undefined on input line 145.

LaTeX Font Info:    Font shape `T1/XCharter-TLF/m/n' will be
(Font)              scaled to size 6.0pt on input line 156.

LaTeX Warning: Citation 'DeGennes1993' on page 4 undefined on input line 164.


LaTeX Warning: Reference `sec:NematicOrderAppendix' on page 4 undefined on inpu
t line 164.


Overfull \hbox (522.7406pt too wide) in paragraph at lines 164--165
|   []   |   []   |   []   |   []   |   []   |   []   |   []   |   []   |   [] 
  |   []   |   []   |   []   |   [][][]|   []
 []


LaTeX Warning: Citation 'Polson1997' on page 4 undefined on input line 168.


LaTeX Warning: Citation 'Dussi2018' on page 4 undefined on input line 176.


LaTeX Warning: Citation 'Stewart1966' on page 4 undefined on input line 183.


LaTeX Warning: Citation 'Rey2013' on page 4 undefined on input line 183.


LaTeX Warning: Citation 'Zhao2019' on page 4 undefined on input line 183.


LaTeX Warning: Citation 'Luzzati1959' on page 4 undefined on input line 183.


LaTeX Warning: Citation 'Robinson1961' on page 4 undefined on input line 183.


LaTeX Warning: Citation 'Strzelecka1988' on page 4 undefined on input line 183.



LaTeX Warning: Citation 'Bolhuis1997' on page 4 undefined on input line 185.


LaTeX Warning: Citation 'Nakata2007' on page 4 undefined on input line 185.


LaTeX Warning: Citation 'Zanchetta2008' on page 4 undefined on input line 185.

[4]

LaTeX Warning: Citation 'Nummelin2018' on page 5 undefined on input line 187.


LaTeX Warning: Citation 'Praetorius2017' on page 5 undefined on input line 187.



LaTeX Warning: Citation 'Bathe2017' on page 5 undefined on input line 187.


LaTeX Warning: Citation 'Inglfsson2013' on page 5 undefined on input line 192.


LaTeX Warning: Citation 'Potoyan2012' on page 5 undefined on input line 192.


LaTeX Warning: Citation 'MacKerell1995' on page 5 undefined on input line 192.


LaTeX Warning: Citation 'SalomonFerrer2012' on page 5 undefined on input line 1
92.


LaTeX Warning: Citation 'Cheatham2004' on page 5 undefined on input line 192.


LaTeX Warning: Citation 'Michieletto2016' on page 5 undefined on input line 192
.


LaTeX Warning: Citation 'Salamonczyk2016' on page 5 undefined on input line 194
.


LaTeX Warning: Citation 'OxDNA' on page 5 undefined on input line 194.


Overfull \hbox (17.82947pt too wide) in paragraph at lines 194--195
[]\T1/XCharter-TLF/m/n/10.95 (-20) Such mod-els have been ap-plied specif-i-cal
ly to DNA nunchucks by Sala-m-on-czyk et al. [[]]
 []


LaTeX Warning: Citation 'Xing2019' on page 5 undefined on input line 196.


LaTeX Warning: Citation 'LAMMPS' on page 5 undefined on input line 196.


Overfull \hbox (151.01447pt too wide) in paragraph at lines 196--197
|   []   |   []   |   []   |   []   |   []   |   []   |   []   [][]|   []
 []


LaTeX Warning: Citation 'Plimpton1995' on page 5 undefined on input line 199.


LaTeX Warning: Citation 'LAMMPS' on page 5 undefined on input line 199.


Overfull \hbox (833.46153pt too wide) in paragraph at lines 199--200
|   []   |   []   |   []   |   []   |   []   |   []   |   []   |   []   |   [] 
  [][]|   []
 []


Overfull \hbox (10.59332pt too wide) in paragraph at lines 199--200
[]\T1/XCharter-TLF/m/n/10.95 (-20) de-vel-oped to repli-cate solid-state ma-te-
ri-als and soft mat-ter meso-scopic sys-tems [[], []]. 
 []

<Figures/nunchucks_artist.png, id=33, 603.25375pt x 551.05875pt>
File: Figures/nunchucks_artist.png Graphic file (type png)
<use Figures/nunchucks_artist.png>
Package pdftex.def Info: Figures/nunchucks_artist.png  used on input line 213.
(pdftex.def)             Requested size: 193.47578pt x 176.72919pt.
LaTeX Font Info:    Font shape `T1/XCharter-TLF/b/n' will be
(Font)              scaled to size 9.0pt on input line 214.
LaTeX Font Info:    Font shape `T1/XCharter-TLF/m/it' will be
(Font)              scaled to size 9.0pt on input line 214.
<Figures/nunchuck_profile_coloured.png, id=34, 446.1468pt x 364.2408pt>
File: Figures/nunchuck_profile_coloured.png Graphic file (type png)
<use Figures/nunchuck_profile_coloured.png>
Package pdftex.def Info: Figures/nunchuck_profile_coloured.png  used on input l
ine 220.
(pdftex.def)             Requested size: 193.47578pt x 157.95438pt.
[5]

LaTeX Warning: Citation 'Rapaport2004' on page 6 undefined on input line 231.


LaTeX Warning: Citation 'Arnott1972' on page 6 undefined on input line 233.


LaTeX Warning: Citation 'Garcia2007' on page 6 undefined on input line 233.


LaTeX Warning: Citation 'Langridge1960' on page 6 undefined on input line 233.


LaTeX Warning: Citation 'Duewer2018' on page 6 undefined on input line 233.


LaTeX Warning: Citation 'Pan2010' on page 6 undefined on input line 235.


LaTeX Warning: Citation 'Wang2002' on page 6 undefined on input line 235.

Package textcomp Info: Symbol \textmu not provided by
(textcomp)             font family XCharter-TLF in TS1 encoding.
(textcomp)             Default family used instead on input line 235.

LaTeX Warning: Citation 'Nos1983' on page 6 undefined on input line 240.

[6 <./Figures/nunchucks_artist.png> <./Figures/nunchuck_profile_coloured.png>]

LaTeX Warning: Citation 'Frenkel2002' on page 7 undefined on input line 243.


LaTeX Warning: Citation 'Nos1984' on page 7 undefined on input line 243.


LaTeX Warning: Citation 'Hoover1985' on page 7 undefined on input line 243.


LaTeX Warning: Citation 'Shinoda2004' on page 7 undefined on input line 243.


Overfull \hbox (120.35269pt too wide) in paragraph at lines 245--246
[] []|   []   |   []   |   []   |   []   |   []   |   []   |   []   |   []   | 
  []   |   [][][]|   [][]\T1/XCharter-TLF/m/n/10.95 (-20) .
 []


LaTeX Warning: Citation 'Schneider1978' on page 7 undefined on input line 247.


LaTeX Warning: Citation 'Jones1924a' on page 7 undefined on input line 252.


LaTeX Warning: Citation 'Jones1924b' on page 7 undefined on input line 252.


LaTeX Warning: Citation 'Stephan2019' on page 7 undefined on input line 252.


LaTeX Warning: Citation 'Paolini1993' on page 7 undefined on input line 252.


LaTeX Warning: Citation 'Hughes2008' on page 7 undefined on input line 252.


LaTeX Warning: Citation 'Stephan2020' on page 7 undefined on input line 261.


LaTeX Warning: Citation 'Shaul2010' on page 7 undefined on input line 261.


LaTeX Warning: Citation 'Smit1991' on page 7 undefined on input line 261.


LaTeX Warning: Citation 'Strey1997' on page 7 undefined on input line 261.


LaTeX Warning: Citation 'Strey1998' on page 7 undefined on input line 261.

[7]

LaTeX Warning: Citation 'Ovito' on page 8 undefined on input line 265.


LaTeX Warning: Citation 'Eppenga1984' on page 8 undefined on input line 267.


LaTeX Warning: Citation 'Frenkel1984' on page 8 undefined on input line 285.


LaTeX Warning: Citation 'Lee1987' on page 8 undefined on input line 285.


LaTeX Warning: Citation 'Allen1987' on page 8 undefined on input line 285.


LaTeX Warning: Citation 'Camp1996' on page 8 undefined on input line 285.


LaTeX Warning: Citation 'Frenkel1984' on page 8 undefined on input line 289.


LaTeX Warning: Citation 'Lee1987' on page 8 undefined on input line 289.


LaTeX Warning: Citation 'Allen1987' on page 8 undefined on input line 289.


LaTeX Warning: Citation 'Camp1996' on page 8 undefined on input line 289.


Overfull \hbox (1207.03195pt too wide) in paragraph at lines 289--290
[]|   []
 []


Overfull \hbox (1298.3366pt too wide) in paragraph at lines 293--296
|   []   |   []   |   []   |   []   |   []   |   []   [][]|   []
 []

Package epstopdf Info: Source file: <Figures/rigidrod_nemorderparam.eps>
(epstopdf)                    date: 2021-04-01 10:58:08
(epstopdf)                    size: 63101 bytes
(epstopdf)             Output file: <Figures/rigidrod_nemorderparam-eps-convert
ed-to.pdf>
(epstopdf)                    date: 2021-04-01 10:58:34
(epstopdf)                    size: 25767 bytes
(epstopdf)             Command: <epstopdf --outfile=Figures/rigidrod_nemorderpa
ram-eps-converted-to.pdf Figures/rigidrod_nemorderparam.eps>
(epstopdf)             \includegraphics on input line 299.
Package epstopdf Info: Output file is already uptodate.


pdfTeX warning: pdflatex.exe (file ./Figures/rigidrod_nemorderparam-eps-convert
ed-to.pdf): PDF inclusion: found PDF version <1.7>, but at most version <1.5> a
llowed
<Figures/rigidrod_nemorderparam-eps-converted-to.pdf, id=49, 462.72874pt x 347.
2975pt>
File: Figures/rigidrod_nemorderparam-eps-converted-to.pdf Graphic file (type pd
f)
<use Figures/rigidrod_nemorderparam-eps-converted-to.pdf>
Package pdftex.def Info: Figures/rigidrod_nemorderparam-eps-converted-to.pdf  u
sed on input line 299.
(pdftex.def)             Requested size: 338.58632pt x 254.12389pt.

Overfull \hbox (2077.21184pt too wide) in paragraph at lines 300--300
|   [][][]|   [][]\T1/XCharter-TLF/m/it/10 (-20) .[]|   []
 []


LaTeX Warning: `!h' float specifier changed to `!ht'.


Overfull \hbox (77.51671pt too wide) in paragraph at lines 304--305
[]\T1/XCharter-TLF/m/n/10.95 (-20) This anal-y-sis []|   []   |   []   |   []  
 |   []   |   []   |   []   |   []   |   []   |   []   |   []   [][]|   []
 []


Overfull \hbox (430.36453pt too wide) in paragraph at lines 304--305
|   []   |   []   |   []   |   []   |   []   |   []   |   []   |   []   |   [] 
  |   []   |   [][][]|   [][]\T1/XCharter-TLF/m/n/10.95 (-20) .
 []

Package epstopdf Info: Source file: <Figures/rigidrod_pressureevo.eps>
(epstopdf)                    date: 2021-04-03 12:51:49
(epstopdf)                    size: 682716 bytes
(epstopdf)             Output file: <Figures/rigidrod_pressureevo-eps-converted
-to.pdf>
(epstopdf)                    date: 2021-04-03 12:52:37
(epstopdf)                    size: 162031 bytes
(epstopdf)             Command: <epstopdf --outfile=Figures/rigidrod_pressureev
o-eps-converted-to.pdf Figures/rigidrod_pressureevo.eps>
(epstopdf)             \includegraphics on input line 308.
Package epstopdf Info: Output file is already uptodate.


pdfTeX warning: pdflatex.exe (file ./Figures/rigidrod_pressureevo-eps-converted
-to.pdf): PDF inclusion: found PDF version <1.7>, but at most version <1.5> all
owed
<Figures/rigidrod_pressureevo-eps-converted-to.pdf, id=50, 462.72874pt x 347.29
75pt>
File: Figures/rigidrod_pressureevo-eps-converted-to.pdf Graphic file (type pdf)

<use Figures/rigidrod_pressureevo-eps-converted-to.pdf>
Package pdftex.def Info: Figures/rigidrod_pressureevo-eps-converted-to.pdf  use
d on input line 308.
(pdftex.def)             Requested size: 338.58632pt x 254.12389pt.

LaTeX Warning: `!h' float specifier changed to `!ht'.


Overfull \hbox (19.82574pt too wide) in paragraph at lines 321--322
\T1/XCharter-TLF/m/n/10.95 (-20) ume frac-tions that are not eas-ily ac-ces-si-
ble []|   []   |   []   |   []   |   [][][]|   [][],
 []


Overfull \hbox (348.76628pt too wide) in paragraph at lines 323--324
[][]|   []   |   []   |   []   |   []
 []

[8] [9 <./Figures/rigidrod_nemorderparam-eps-converted-to.pdf> <./Figures/rigid
rod_pressureevo-eps-converted-to.pdf>]
Package epstopdf Info: Source file: <Figures/rigidrod_cryorderparam.eps>
(epstopdf)                    date: 2021-04-01 14:50:12
(epstopdf)                    size: 73775 bytes
(epstopdf)             Output file: <Figures/rigidrod_cryorderparam-eps-convert
ed-to.pdf>
(epstopdf)                    date: 2021-04-01 14:50:52
(epstopdf)                    size: 29320 bytes
(epstopdf)             Command: <epstopdf --outfile=Figures/rigidrod_cryorderpa
ram-eps-converted-to.pdf Figures/rigidrod_cryorderparam.eps>
(epstopdf)             \includegraphics on input line 327.
Package epstopdf Info: Output file is already uptodate.


pdfTeX warning: pdflatex.exe (file ./Figures/rigidrod_cryorderparam-eps-convert
ed-to.pdf): PDF inclusion: found PDF version <1.7>, but at most version <1.5> a
llowed
<Figures/rigidrod_cryorderparam-eps-converted-to.pdf, id=138, 462.72874pt x 347
.2975pt>
File: Figures/rigidrod_cryorderparam-eps-converted-to.pdf Graphic file (type pd
f)
<use Figures/rigidrod_cryorderparam-eps-converted-to.pdf>
Package pdftex.def Info: Figures/rigidrod_cryorderparam-eps-converted-to.pdf  u
sed on input line 327.
(pdftex.def)             Requested size: 338.58632pt x 254.12389pt.

LaTeX Warning: Citation 'Wen1987' on page 10 undefined on input line 336.


LaTeX Warning: Citation 'Frenkel1988' on page 10 undefined on input line 336.


LaTeX Warning: Citation 'McGrother1996' on page 10 undefined on input line 336.



LaTeX Warning: Citation 'Dogic1997' on page 10 undefined on input line 336.


LaTeX Warning: Citation 'Doane1972' on page 10 undefined on input line 336.


LaTeX Warning: Citation 'OxDNA' on page 10 undefined on input line 342.

[10 <./Figures/rigidrod_cryorderparam-eps-converted-to.pdf>]
<Figures/nun_fr_side.png, id=188, 385.44pt x 289.08pt>
File: Figures/nun_fr_side.png Graphic file (type png)
<use Figures/nun_fr_side.png>
Package pdftex.def Info: Figures/nun_fr_side.png  used on input line 360.
(pdftex.def)             Requested size: 217.66211pt x 163.24669pt.
<Figures/nun_fr_perspective.png, id=189, 385.44pt x 289.08pt>
File: Figures/nun_fr_perspective.png Graphic file (type png)
<use Figures/nun_fr_perspective.png>
Package pdftex.def Info: Figures/nun_fr_perspective.png  used on input line 366
.
(pdftex.def)             Requested size: 217.66211pt x 163.24669pt.
Package epstopdf Info: Source file: <Figures/nun_fr_angledist.eps>
(epstopdf)                    date: 2021-04-03 12:49:30
(epstopdf)                    size: 126965 bytes
(epstopdf)             Output file: <Figures/nun_fr_angledist-eps-converted-to.
pdf>
(epstopdf)                    date: 2021-04-03 12:50:37
(epstopdf)                    size: 37974 bytes
(epstopdf)             Command: <epstopdf --outfile=Figures/nun_fr_angledist-ep
s-converted-to.pdf Figures/nun_fr_angledist.eps>
(epstopdf)             \includegraphics on input line 376.
Package epstopdf Info: Output file is already uptodate.


pdfTeX warning: pdflatex.exe (file ./Figures/nun_fr_angledist-eps-converted-to.
pdf): PDF inclusion: found PDF version <1.7>, but at most version <1.5> allowed

<Figures/nun_fr_angledist-eps-converted-to.pdf, id=190, 462.72874pt x 347.2975p
t>
File: Figures/nun_fr_angledist-eps-converted-to.pdf Graphic file (type pdf)
<use Figures/nun_fr_angledist-eps-converted-to.pdf>
Package pdftex.def Info: Figures/nun_fr_angledist-eps-converted-to.pdf  used on
 input line 376.
(pdftex.def)             Requested size: 338.58632pt x 254.12389pt.

LaTeX Warning: `!h' float specifier changed to `!ht'.


Overfull \hbox (208.0292pt too wide) in paragraph at lines 386--388
|   []   |   []   |   []   |   []   |   []   |   []   |   []   |   []   |   [] 
  |   []   [][]|   []
 []


Overfull \hbox (612.88016pt too wide) in paragraph at lines 386--388
|   []   |   []   |   []   |   []   |   []   |   []   |   [][][]|   [][]\T1/XCh
arter-TLF/m/n/10.95 (-20) .
 []

<Figures/nun_fa_herringbone.png, id=191, 372.79276pt x 211.992pt>
File: Figures/nun_fa_herringbone.png Graphic file (type png)
<use Figures/nun_fa_herringbone.png>
Package pdftex.def Info: Figures/nun_fa_herringbone.png  used on input line 394
.
(pdftex.def)             Requested size: 174.12701pt x 99.02164pt.
<Figures/nun_fa_twist.png, id=192, 360.74776pt x 131.2905pt>
File: Figures/nun_fa_twist.png Graphic file (type png)
<use Figures/nun_fa_twist.png>
Package pdftex.def Info: Figures/nun_fa_twist.png  used on input line 400.
(pdftex.def)             Requested size: 261.19719pt x 95.06596pt.
LaTeX Font Info:    Font shape `TS1/XCharter-TLF/m/n' will be
(Font)              scaled to size 10.0pt on input line 404.
Package microtype Info: Character `textlbrackdbl ' is missing
(microtype)             in font `TS1/XCharter-TLF/m/n/10'.
(microtype)             Ignoring protrusion settings for this character.
Package microtype Info: Character `textrbrackdbl ' is missing
(microtype)             in font `TS1/XCharter-TLF/m/n/10'.
(microtype)             Ignoring protrusion settings for this character.
Package microtype Info: Character `texttildelow ' is missing
(microtype)             in font `TS1/XCharter-TLF/m/n/10'.
(microtype)             Ignoring protrusion settings for this character.
LaTeX Font Info:    Font shape `T1/XCharter-TLF/m/n' will be
(Font)              scaled to size 7.0pt on input line 404.
LaTeX Font Info:    Font shape `T1/XCharter-TLF/m/n' will be
(Font)              scaled to size 5.0pt on input line 404.
LaTeX Font Info:    Font shape `T1/XCharter-TLF/b/it' will be
(Font)              scaled to size 10.0pt on input line 404.

Overfull \hbox (222.6273pt too wide) in paragraph at lines 408--409
|   []   |   []   |   []   |   []   |   [][][]|   [][]\T1/XCharter-TLF/m/n/10.9
5 (-20) ,
 []

[11 <./Figures/nun_fr_side.png> <./Figures/nun_fr_perspective.png>]

LaTeX Warning: Citation 'Zannoni1979' on page 12 undefined on input line 420.


LaTeX Warning: Citation 'Frenkel1985b' on page 12 undefined on input line 420.

[12 <./Figures/nun_fr_angledist-eps-converted-to.pdf> <./Figures/nun_fa_herring
bone.png> <./Figures/nun_fa_twist.png>]

LaTeX Warning: Citation 'Frenkel1985c' on page 13 undefined on input line 428.

Package epstopdf Info: Source file: <Figures/num_fa_correlation_mol.eps>
(epstopdf)                    date: 2021-04-03 18:37:26
(epstopdf)                    size: 70360 bytes
(epstopdf)             Output file: <Figures/num_fa_correlation_mol-eps-convert
ed-to.pdf>
(epstopdf)                    date: 2021-04-03 18:46:49
(epstopdf)                    size: 16756 bytes
(epstopdf)             Command: <epstopdf --outfile=Figures/num_fa_correlation_
mol-eps-converted-to.pdf Figures/num_fa_correlation_mol.eps>
(epstopdf)             \includegraphics on input line 434.
Package epstopdf Info: Output file is already uptodate.


pdfTeX warning: pdflatex.exe (file ./Figures/num_fa_correlation_mol-eps-convert
ed-to.pdf): PDF inclusion: found PDF version <1.7>, but at most version <1.5> a
llowed
<Figures/num_fa_correlation_mol-eps-converted-to.pdf, id=259, 462.72874pt x 347
.2975pt>
File: Figures/num_fa_correlation_mol-eps-converted-to.pdf Graphic file (type pd
f)
<use Figures/num_fa_correlation_mol-eps-converted-to.pdf>
Package pdftex.def Info: Figures/num_fa_correlation_mol-eps-converted-to.pdf  u
sed on input line 434.
(pdftex.def)             Requested size: 338.58632pt x 254.12389pt.

LaTeX Warning: Citation 'GayBalmaz2013' on page 13 undefined on input line 449.



LaTeX Warning: Citation 'Zhao2013' on page 13 undefined on input line 449.


LaTeX Warning: Citation 'Rey2013' on page 13 undefined on input line 449.


Overfull \hbox (85.58743pt too wide) in paragraph at lines 449--450
[]|   []   |   []   |   []   |   []   |   []   |   []   |   []   |   [][][]|   
[][]\T1/XCharter-TLF/m/n/10.95 (-20) .
 []

[13 <./Figures/num_fa_correlation_mol-eps-converted-to.pdf>]

LaTeX Warning: Citation 'Ernst2013' on page 14 undefined on input line 456.


LaTeX Warning: Citation 'Metzler2000' on page 14 undefined on input line 462.

Package epstopdf Info: Source file: <Figures/nun_diff_rmsplots.eps>
(epstopdf)                    date: 2021-04-05 12:49:09
(epstopdf)                    size: 98613 bytes
(epstopdf)             Output file: <Figures/nun_diff_rmsplots-eps-converted-to
.pdf>
(epstopdf)                    date: 2021-04-05 12:56:54
(epstopdf)                    size: 26356 bytes
(epstopdf)             Command: <epstopdf --outfile=Figures/nun_diff_rmsplots-e
ps-converted-to.pdf Figures/nun_diff_rmsplots.eps>
(epstopdf)             \includegraphics on input line 480.
Package epstopdf Info: Output file is already uptodate.


pdfTeX warning: pdflatex.exe (file ./Figures/nun_diff_rmsplots-eps-converted-to
.pdf): PDF inclusion: found PDF version <1.7>, but at most version <1.5> allowe
d
<Figures/nun_diff_rmsplots-eps-converted-to.pdf, id=297, 722.7pt x 361.35pt>
File: Figures/nun_diff_rmsplots-eps-converted-to.pdf Graphic file (type pdf)
<use Figures/nun_diff_rmsplots-eps-converted-to.pdf>
Package pdftex.def Info: Figures/nun_diff_rmsplots-eps-converted-to.pdf  used o
n input line 480.
(pdftex.def)             Requested size: 483.69687pt x 241.84961pt.

LaTeX Warning: `!h' float specifier changed to `!ht'.

[14]
Package epstopdf Info: Source file: <Figures/nun_diff_Dcoeff.eps>
(epstopdf)                    date: 2021-04-04 18:45:33
(epstopdf)                    size: 26716 bytes
(epstopdf)             Output file: <Figures/nun_diff_Dcoeff-eps-converted-to.p
df>
(epstopdf)                    date: 2021-04-04 18:59:26
(epstopdf)                    size: 16758 bytes
(epstopdf)             Command: <epstopdf --outfile=Figures/nun_diff_Dcoeff-eps
-converted-to.pdf Figures/nun_diff_Dcoeff.eps>
(epstopdf)             \includegraphics on input line 489.
Package epstopdf Info: Output file is already uptodate.


pdfTeX warning: pdflatex.exe (file ./Figures/nun_diff_Dcoeff-eps-converted-to.p
df): PDF inclusion: found PDF version <1.7>, but at most version <1.5> allowed
<Figures/nun_diff_Dcoeff-eps-converted-to.pdf, id=301, 462.72874pt x 347.2975pt
>
File: Figures/nun_diff_Dcoeff-eps-converted-to.pdf Graphic file (type pdf)
<use Figures/nun_diff_Dcoeff-eps-converted-to.pdf>
Package pdftex.def Info: Figures/nun_diff_Dcoeff-eps-converted-to.pdf  used on 
input line 489.
(pdftex.def)             Requested size: 338.58632pt x 254.12389pt.

LaTeX Warning: `!h' float specifier changed to `!ht'.


Overfull \hbox (11.00238pt too wide) in paragraph at lines 501--505
[]|   []   |   []   |   []   |   []   |   []   |   []   |   []   |   []   |   [
]   |   []   |   []   |   []   |   []
 []


Overfull \hbox (3771.94218pt too wide) in paragraph at lines 501--505
|   []   |   []   |   []   |   []   |   []   |   []   |   []   |   []   [][]|  
 []
 []

[15 <./Figures/nun_diff_rmsplots-eps-converted-to.pdf>] [16 <./Figures/nun_diff
_Dcoeff-eps-converted-to.pdf>]

LaTeX Warning: Empty bibliography on input line 519.


LaTeX Warning: Citation 'Doi1988' on page 17 undefined on input line 524.


LaTeX Warning: Citation 'Odijk1985' on page 17 undefined on input line 553.


LaTeX Warning: Citation 'Maier1959' on page 17 undefined on input line 553.


LaTeX Warning: Citation 'Zannoni1979b' on page 17 undefined on input line 553.


LaTeX Warning: Citation 'Eppenga1984' on page 17 undefined on input line 559.


LaTeX Warning: Citation 'Frenkel1982' on page 17 undefined on input line 559.


LaTeX Warning: Citation 'Zannoni1979' on page 17 undefined on input line 559.

[17]

LaTeX Warning: Citation 'Parsons1979' on page 18 undefined on input line 565.


LaTeX Warning: Citation 'Frenkel1985' on page 18 undefined on input line 576.


LaTeX Warning: Citation 'Forster2018' on page 18 undefined on input line 582.


LaTeX Warning: Citation 'Eppenga1984' on page 18 undefined on input line 588.


LaTeX Warning: Citation 'Mountain1977' on page 18 undefined on input line 597.

[18]

LaTeX Warning: Citation 'Soper1998' on page 19 undefined on input line 606.


LaTeX Warning: Citation 'Soper1994' on page 19 undefined on input line 606.


LaTeX Warning: Citation 'Mazo2008' on page 19 undefined on input line 639.


LaTeX Warning: Citation 'Gardiner2009' on page 19 undefined on input line 639.

[19]

LaTeX Warning: Citation 'Sethna2006' on page 20 undefined on input line 647.

[20] 
AED: lastpage setting LastPage
[21] (diff3.aux)

LaTeX Warning: There were undefined references.


Package biblatex Warning: Please (re)run Biber on the file:
(biblatex)                diff3
(biblatex)                and rerun LaTeX afterwards.

Package logreq Info: Writing requests to 'diff3.run.xml'.
\openout1 = `diff3.run.xml'.

 ) 
Here is how much of TeX's memory you used:
 21151 strings out of 481565
 404114 string characters out of 2914627
 1096663 words of memory out of 3000000
 35746 multiletter control sequences out of 15000+200000
 727986 words of font info for 275 fonts, out of 3000000 for 9000
 1141 hyphenation exceptions out of 8191
 47i,12n,77p,1749b,1671s stack positions out of 5000i,500n,10000p,200000b,50000s
{C:/Users/KitG/AppData/Local/Programs/MiKTeX 2.9/fonts/enc/dvips/xcharter/xch
_uy5hgr.enc} <C:\Users\KitG\AppData\Local\MiKTeX\2.9\fonts/pk/ljfour/jknappen/e
c/dpi657\tcrm1000.pk>{C:/Users/KitG/AppData/Local/Programs/MiKTeX 2.9/fonts/enc
/dvips/xcharter/xch_q7u3cc.enc}{C:/Users/KitG/AppData/Local/Programs/MiKTeX 2.9
/fonts/enc/dvips/base/8r.enc}<C:/Users/KitG/AppData/Local/Programs/MiKTeX 2.9/f
onts/type1/public/xcharter/XCharter-Bold.pfb><C:/Users/KitG/AppData/Local/Progr
ams/MiKTeX 2.9/fonts/type1/public/xcharter/XCharter-BoldItalic.pfb><C:/Users/Ki
tG/AppData/Local/Programs/MiKTeX 2.9/fonts/type1/public/xcharter/XCharter-Itali
c.pfb><C:/Users/KitG/AppData/Local/Programs/MiKTeX 2.9/fonts/type1/public/xchar
ter/XCharter-Roman.pfb><C:/Users/KitG/AppData/Local/Programs/MiKTeX 2.9/fonts/t
ype1/public/amsfonts/cm/cmbsy10.pfb><C:/Users/KitG/AppData/Local/Programs/MiKTe
X 2.9/fonts/type1/public/amsfonts/cm/cmbx10.pfb><C:/Users/KitG/AppData/Local/Pr
ograms/MiKTeX 2.9/fonts/type1/public/amsfonts/cm/cmex10.pfb><C:/Users/KitG/AppD
ata/Local/Programs/MiKTeX 2.9/fonts/type1/public/amsfonts/cm/cmmi10.pfb><C:/Use
rs/KitG/AppData/Local/Programs/MiKTeX 2.9/fonts/type1/public/amsfonts/cm/cmmi6.
pfb><C:/Users/KitG/AppData/Local/Programs/MiKTeX 2.9/fonts/type1/public/amsfont
s/cm/cmmi7.pfb><C:/Users/KitG/AppData/Local/Programs/MiKTeX 2.9/fonts/type1/pub
lic/amsfonts/cm/cmmi8.pfb><C:/Users/KitG/AppData/Local/Programs/MiKTeX 2.9/font
s/type1/public/amsfonts/cm/cmmib10.pfb><C:/Users/KitG/AppData/Local/Programs/Mi
KTeX 2.9/fonts/type1/public/amsfonts/cm/cmr10.pfb><C:/Users/KitG/AppData/Local/
Programs/MiKTeX 2.9/fonts/type1/public/amsfonts/cm/cmr6.pfb><C:/Users/KitG/AppD
ata/Local/Programs/MiKTeX 2.9/fonts/type1/public/amsfonts/cm/cmr7.pfb><C:/Users
/KitG/AppData/Local/Programs/MiKTeX 2.9/fonts/type1/public/amsfonts/cm/cmr8.pfb
><C:/Users/KitG/AppData/Local/Programs/MiKTeX 2.9/fonts/type1/public/amsfonts/c
m/cmsy10.pfb><C:/Users/KitG/AppData/Local/Programs/MiKTeX 2.9/fonts/type1/publi
c/amsfonts/cm/cmsy8.pfb><C:/Users/KitG/AppData/Local/Programs/MiKTeX 2.9/fonts/
type1/public/amsfonts/latxfont/lasy6.pfb><C:/Users/KitG/AppData/Local/Programs/
MiKTeX 2.9/fonts/type1/urw/helvetic/uhvb8a.pfb><C:/Users/KitG/AppData/Local/Pro
grams/MiKTeX 2.9/fonts/type1/urw/helvetic/uhvro8a.pfb>
Output written on diff3.pdf (22 pages, 2536189 bytes).
PDF statistics:
 490 PDF objects out of 1000 (max. 8388607)
 0 named destinations out of 1000 (max. 500000)
 57415 words of extra memory for PDF output out of 61914 (max. 10000000)

